Analysis & Synthesis report for cs305_mini_project
Wed May 25 03:58:49 2016
Quartus II 64-Bit Version 13.0.0 Build 156 04/24/2013 SJ Web Edition


---------------------
; Table of Contents ;
---------------------
  1. Legal Notice
  2. Analysis & Synthesis Summary
  3. Analysis & Synthesis Settings
  4. Parallel Compilation
  5. Analysis & Synthesis Source Files Read
  6. Analysis & Synthesis Resource Usage Summary
  7. Analysis & Synthesis Resource Utilization by Entity
  8. Analysis & Synthesis RAM Summary
  9. State Machine - |Flashy_bird|MOUSE:inst|mouse_state
 10. State Machine - |Flashy_bird|game:inst13|CS
 11. Logic Cells Representing Combinational Loops
 12. Registers Removed During Synthesis
 13. Removed Registers Triggering Further Register Optimizations
 14. General Register Statistics
 15. Inverted Register Statistics
 16. Multiplexer Restructuring Statistics (Restructuring Performed)
 17. Source assignments for char_rom:inst2|altsyncram:altsyncram_component|altsyncram_kt91:auto_generated
 18. Parameter Settings for User Entity Instance: char_rom:inst2|altsyncram:altsyncram_component
 19. Parameter Settings for User Entity Instance: game_text:inst3
 20. Parameter Settings for User Entity Instance: pipe:inst14
 21. Parameter Settings for User Entity Instance: pipe:inst15
 22. altsyncram Parameter Settings by Entity Instance
 23. Elapsed Time Per Partition
 24. Analysis & Synthesis Messages



----------------
; Legal Notice ;
----------------
Copyright (C) 1991-2013 Altera Corporation
Your use of Altera Corporation's design tools, logic functions 
and other software and tools, and its AMPP partner logic 
functions, and any output files from any of the foregoing 
(including device programming or simulation files), and any 
associated documentation or information are expressly subject 
to the terms and conditions of the Altera Program License 
Subscription Agreement, Altera MegaCore Function License 
Agreement, or other applicable license agreement, including, 
without limitation, that your use is for the sole purpose of 
programming logic devices manufactured by Altera and sold by 
Altera or its authorized distributors.  Please refer to the 
applicable agreement for further details.



+---------------------------------------------------------------------------------+
; Analysis & Synthesis Summary                                                    ;
+------------------------------------+--------------------------------------------+
; Analysis & Synthesis Status        ; Successful - Wed May 25 03:58:49 2016      ;
; Quartus II 64-Bit Version          ; 13.0.0 Build 156 04/24/2013 SJ Web Edition ;
; Revision Name                      ; cs305_mini_project                         ;
; Top-level Entity Name              ; Flashy_bird                                ;
; Family                             ; Cyclone III                                ;
; Total logic elements               ; 1,435                                      ;
;     Total combinational functions  ; 1,317                                      ;
;     Dedicated logic registers      ; 330                                        ;
; Total registers                    ; 330                                        ;
; Total pins                         ; 34                                         ;
; Total virtual pins                 ; 0                                          ;
; Total memory bits                  ; 4,096                                      ;
; Embedded Multiplier 9-bit elements ; 0                                          ;
; Total PLLs                         ; 0                                          ;
+------------------------------------+--------------------------------------------+


+----------------------------------------------------------------------------------------------------------------------+
; Analysis & Synthesis Settings                                                                                        ;
+----------------------------------------------------------------------------+--------------------+--------------------+
; Option                                                                     ; Setting            ; Default Value      ;
+----------------------------------------------------------------------------+--------------------+--------------------+
; Device                                                                     ; EP3C16F484C6       ;                    ;
; Top-level entity name                                                      ; Flashy_bird        ; cs305_mini_project ;
; Family name                                                                ; Cyclone III        ; Cyclone IV GX      ;
; Use smart compilation                                                      ; Off                ; Off                ;
; Enable parallel Assembler and TimeQuest Timing Analyzer during compilation ; On                 ; On                 ;
; Enable compact report table                                                ; Off                ; Off                ;
; Restructure Multiplexers                                                   ; Auto               ; Auto               ;
; Create Debugging Nodes for IP Cores                                        ; Off                ; Off                ;
; Preserve fewer node names                                                  ; On                 ; On                 ;
; Disable OpenCore Plus hardware evaluation                                  ; Off                ; Off                ;
; Verilog Version                                                            ; Verilog_2001       ; Verilog_2001       ;
; VHDL Version                                                               ; VHDL_1993          ; VHDL_1993          ;
; State Machine Processing                                                   ; Auto               ; Auto               ;
; Safe State Machine                                                         ; Off                ; Off                ;
; Extract Verilog State Machines                                             ; On                 ; On                 ;
; Extract VHDL State Machines                                                ; On                 ; On                 ;
; Ignore Verilog initial constructs                                          ; Off                ; Off                ;
; Iteration limit for constant Verilog loops                                 ; 5000               ; 5000               ;
; Iteration limit for non-constant Verilog loops                             ; 250                ; 250                ;
; Add Pass-Through Logic to Inferred RAMs                                    ; On                 ; On                 ;
; Infer RAMs from Raw Logic                                                  ; On                 ; On                 ;
; Parallel Synthesis                                                         ; On                 ; On                 ;
; DSP Block Balancing                                                        ; Auto               ; Auto               ;
; NOT Gate Push-Back                                                         ; On                 ; On                 ;
; Power-Up Don't Care                                                        ; On                 ; On                 ;
; Remove Redundant Logic Cells                                               ; Off                ; Off                ;
; Remove Duplicate Registers                                                 ; On                 ; On                 ;
; Ignore CARRY Buffers                                                       ; Off                ; Off                ;
; Ignore CASCADE Buffers                                                     ; Off                ; Off                ;
; Ignore GLOBAL Buffers                                                      ; Off                ; Off                ;
; Ignore ROW GLOBAL Buffers                                                  ; Off                ; Off                ;
; Ignore LCELL Buffers                                                       ; Off                ; Off                ;
; Ignore SOFT Buffers                                                        ; On                 ; On                 ;
; Limit AHDL Integers to 32 Bits                                             ; Off                ; Off                ;
; Optimization Technique                                                     ; Balanced           ; Balanced           ;
; Carry Chain Length                                                         ; 70                 ; 70                 ;
; Auto Carry Chains                                                          ; On                 ; On                 ;
; Auto Open-Drain Pins                                                       ; On                 ; On                 ;
; Perform WYSIWYG Primitive Resynthesis                                      ; Off                ; Off                ;
; Auto ROM Replacement                                                       ; On                 ; On                 ;
; Auto RAM Replacement                                                       ; On                 ; On                 ;
; Auto DSP Block Replacement                                                 ; On                 ; On                 ;
; Auto Shift Register Replacement                                            ; Auto               ; Auto               ;
; Allow Shift Register Merging across Hierarchies                            ; Auto               ; Auto               ;
; Auto Clock Enable Replacement                                              ; On                 ; On                 ;
; Strict RAM Replacement                                                     ; Off                ; Off                ;
; Allow Synchronous Control Signals                                          ; On                 ; On                 ;
; Force Use of Synchronous Clear Signals                                     ; Off                ; Off                ;
; Auto RAM Block Balancing                                                   ; On                 ; On                 ;
; Auto RAM to Logic Cell Conversion                                          ; Off                ; Off                ;
; Auto Resource Sharing                                                      ; Off                ; Off                ;
; Allow Any RAM Size For Recognition                                         ; Off                ; Off                ;
; Allow Any ROM Size For Recognition                                         ; Off                ; Off                ;
; Allow Any Shift Register Size For Recognition                              ; Off                ; Off                ;
; Use LogicLock Constraints during Resource Balancing                        ; On                 ; On                 ;
; Ignore translate_off and synthesis_off directives                          ; Off                ; Off                ;
; Timing-Driven Synthesis                                                    ; On                 ; On                 ;
; Report Parameter Settings                                                  ; On                 ; On                 ;
; Report Source Assignments                                                  ; On                 ; On                 ;
; Report Connectivity Checks                                                 ; On                 ; On                 ;
; Ignore Maximum Fan-Out Assignments                                         ; Off                ; Off                ;
; Synchronization Register Chain Length                                      ; 2                  ; 2                  ;
; PowerPlay Power Optimization                                               ; Normal compilation ; Normal compilation ;
; HDL message level                                                          ; Level2             ; Level2             ;
; Suppress Register Optimization Related Messages                            ; Off                ; Off                ;
; Number of Removed Registers Reported in Synthesis Report                   ; 5000               ; 5000               ;
; Number of Swept Nodes Reported in Synthesis Report                         ; 5000               ; 5000               ;
; Number of Inverted Registers Reported in Synthesis Report                  ; 100                ; 100                ;
; Clock MUX Protection                                                       ; On                 ; On                 ;
; Auto Gated Clock Conversion                                                ; Off                ; Off                ;
; Block Design Naming                                                        ; Auto               ; Auto               ;
; SDC constraint protection                                                  ; Off                ; Off                ;
; Synthesis Effort                                                           ; Auto               ; Auto               ;
; Shift Register Replacement - Allow Asynchronous Clear Signal               ; On                 ; On                 ;
; Pre-Mapping Resynthesis Optimization                                       ; Off                ; Off                ;
; Analysis & Synthesis Message Level                                         ; Medium             ; Medium             ;
; Disable Register Merging Across Hierarchies                                ; Auto               ; Auto               ;
; Resource Aware Inference For Block RAM                                     ; On                 ; On                 ;
; Synthesis Seed                                                             ; 1                  ; 1                  ;
+----------------------------------------------------------------------------+--------------------+--------------------+


Parallel compilation was disabled, but you have multiple processors available. Enable parallel compilation to reduce compilation time.
+-------------------------------------+
; Parallel Compilation                ;
+----------------------------+--------+
; Processors                 ; Number ;
+----------------------------+--------+
; Number detected on machine ; 4      ;
; Maximum allowed            ; 1      ;
+----------------------------+--------+


+------------------------------------------------------------------------------------------------------------------------------------------------------------------------------+
; Analysis & Synthesis Source Files Read                                                                                                                                       ;
+----------------------------------+-----------------+----------------------------------------+----------------------------------------------------------------------+---------+
; File Name with User-Entered Path ; Used in Netlist ; File Type                              ; File Name with Absolute Path                                         ; Library ;
+----------------------------------+-----------------+----------------------------------------+----------------------------------------------------------------------+---------+
; Flashy_bird.bdf                  ; yes             ; User Block Diagram/Schematic File      ; C:/Users/Choi/Desktop/FINAL PHASE2/Flashy_bird.bdf                   ;         ;
; game_text.vhd                    ; yes             ; User VHDL File                         ; C:/Users/Choi/Desktop/FINAL PHASE2/game_text.vhd                     ;         ;
; vga_sync.vhd                     ; yes             ; User VHDL File                         ; C:/Users/Choi/Desktop/FINAL PHASE2/vga_sync.vhd                      ;         ;
; mouse.VHD                        ; yes             ; User VHDL File                         ; C:/Users/Choi/Desktop/FINAL PHASE2/mouse.VHD                         ;         ;
; char_rom.vhd                     ; yes             ; User VHDL File                         ; C:/Users/Choi/Desktop/FINAL PHASE2/char_rom.vhd                      ;         ;
; ball.vhd                         ; yes             ; User VHDL File                         ; C:/Users/Choi/Desktop/FINAL PHASE2/ball.vhd                          ;         ;
; clk_div.vhd                      ; yes             ; User VHDL File                         ; C:/Users/Choi/Desktop/FINAL PHASE2/clk_div.vhd                       ;         ;
; seven_decoder.vhd                ; yes             ; User VHDL File                         ; C:/Users/Choi/Desktop/FINAL PHASE2/seven_decoder.vhd                 ;         ;
; pipe.vhd                         ; yes             ; User VHDL File                         ; C:/Users/Choi/Desktop/FINAL PHASE2/pipe.vhd                          ;         ;
; game.vhd                         ; yes             ; User VHDL File                         ; C:/Users/Choi/Desktop/FINAL PHASE2/game.vhd                          ;         ;
; collision.vhd                    ; yes             ; User VHDL File                         ; C:/Users/Choi/Desktop/FINAL PHASE2/collision.vhd                     ;         ;
; altsyncram.tdf                   ; yes             ; Megafunction                           ; c:/altera/13.0/quartus/libraries/megafunctions/altsyncram.tdf        ;         ;
; stratix_ram_block.inc            ; yes             ; Megafunction                           ; c:/altera/13.0/quartus/libraries/megafunctions/stratix_ram_block.inc ;         ;
; lpm_mux.inc                      ; yes             ; Megafunction                           ; c:/altera/13.0/quartus/libraries/megafunctions/lpm_mux.inc           ;         ;
; lpm_decode.inc                   ; yes             ; Megafunction                           ; c:/altera/13.0/quartus/libraries/megafunctions/lpm_decode.inc        ;         ;
; aglobal130.inc                   ; yes             ; Megafunction                           ; c:/altera/13.0/quartus/libraries/megafunctions/aglobal130.inc        ;         ;
; a_rdenreg.inc                    ; yes             ; Megafunction                           ; c:/altera/13.0/quartus/libraries/megafunctions/a_rdenreg.inc         ;         ;
; altrom.inc                       ; yes             ; Megafunction                           ; c:/altera/13.0/quartus/libraries/megafunctions/altrom.inc            ;         ;
; altram.inc                       ; yes             ; Megafunction                           ; c:/altera/13.0/quartus/libraries/megafunctions/altram.inc            ;         ;
; altdpram.inc                     ; yes             ; Megafunction                           ; c:/altera/13.0/quartus/libraries/megafunctions/altdpram.inc          ;         ;
; db/altsyncram_kt91.tdf           ; yes             ; Auto-Generated Megafunction            ; C:/Users/Choi/Desktop/FINAL PHASE2/db/altsyncram_kt91.tdf            ;         ;
; tcgrom.mif                       ; yes             ; Auto-Found Memory Initialization File  ; C:/Users/Choi/Desktop/FINAL PHASE2/tcgrom.mif                        ;         ;
+----------------------------------+-----------------+----------------------------------------+----------------------------------------------------------------------+---------+


+-----------------------------------------------------------------------------+
; Analysis & Synthesis Resource Usage Summary                                 ;
+---------------------------------------------+-------------------------------+
; Resource                                    ; Usage                         ;
+---------------------------------------------+-------------------------------+
; Estimated Total logic elements              ; 1,435                         ;
;                                             ;                               ;
; Total combinational functions               ; 1317                          ;
; Logic element usage by number of LUT inputs ;                               ;
;     -- 4 input functions                    ; 592                           ;
;     -- 3 input functions                    ; 340                           ;
;     -- <=2 input functions                  ; 385                           ;
;                                             ;                               ;
; Logic elements by mode                      ;                               ;
;     -- normal mode                          ; 960                           ;
;     -- arithmetic mode                      ; 357                           ;
;                                             ;                               ;
; Total registers                             ; 330                           ;
;     -- Dedicated logic registers            ; 330                           ;
;     -- I/O registers                        ; 0                             ;
;                                             ;                               ;
; I/O pins                                    ; 34                            ;
; Total memory bits                           ; 4096                          ;
; Embedded Multiplier 9-bit elements          ; 0                             ;
; Maximum fan-out node                        ; VGA_SYNC:inst12|vert_sync_out ;
; Maximum fan-out                             ; 187                           ;
; Total fan-out                               ; 5077                          ;
; Average fan-out                             ; 2.94                          ;
+---------------------------------------------+-------------------------------+


+-------------------------------------------------------------------------------------------------------------------------------------------------------------------------------------------------------------------------------------------------------------------+
; Analysis & Synthesis Resource Utilization by Entity                                                                                                                                                                                                               ;
+-------------------------------------------+-------------------+--------------+-------------+--------------+---------+-----------+------+--------------+--------------------------------------------------------------------------------------------+--------------+
; Compilation Hierarchy Node                ; LC Combinationals ; LC Registers ; Memory Bits ; DSP Elements ; DSP 9x9 ; DSP 18x18 ; Pins ; Virtual Pins ; Full Hierarchy Name                                                                        ; Library Name ;
+-------------------------------------------+-------------------+--------------+-------------+--------------+---------+-----------+------+--------------+--------------------------------------------------------------------------------------------+--------------+
; |Flashy_bird                              ; 1317 (1)          ; 330 (0)      ; 4096        ; 0            ; 0       ; 0         ; 34   ; 0            ; |Flashy_bird                                                                               ;              ;
;    |MOUSE:inst|                           ; 50 (50)           ; 64 (64)      ; 0           ; 0            ; 0       ; 0         ; 0    ; 0            ; |Flashy_bird|MOUSE:inst                                                                    ;              ;
;    |VGA_SYNC:inst12|                      ; 69 (69)           ; 59 (59)      ; 0           ; 0            ; 0       ; 0         ; 0    ; 0            ; |Flashy_bird|VGA_SYNC:inst12                                                               ;              ;
;    |ball:inst11|                          ; 120 (120)         ; 73 (73)      ; 0           ; 0            ; 0       ; 0         ; 0    ; 0            ; |Flashy_bird|ball:inst11                                                                   ;              ;
;    |char_rom:inst2|                       ; 5 (5)             ; 0 (0)        ; 4096        ; 0            ; 0       ; 0         ; 0    ; 0            ; |Flashy_bird|char_rom:inst2                                                                ;              ;
;       |altsyncram:altsyncram_component|   ; 0 (0)             ; 0 (0)        ; 4096        ; 0            ; 0       ; 0         ; 0    ; 0            ; |Flashy_bird|char_rom:inst2|altsyncram:altsyncram_component                                ;              ;
;          |altsyncram_kt91:auto_generated| ; 0 (0)             ; 0 (0)        ; 4096        ; 0            ; 0       ; 0         ; 0    ; 0            ; |Flashy_bird|char_rom:inst2|altsyncram:altsyncram_component|altsyncram_kt91:auto_generated ;              ;
;    |clk_div:inst1|                        ; 1 (1)             ; 1 (1)        ; 0           ; 0            ; 0       ; 0         ; 0    ; 0            ; |Flashy_bird|clk_div:inst1                                                                 ;              ;
;    |collision:inst16|                     ; 219 (219)         ; 36 (36)      ; 0           ; 0            ; 0       ; 0         ; 0    ; 0            ; |Flashy_bird|collision:inst16                                                              ;              ;
;    |game:inst13|                          ; 23 (23)           ; 6 (6)        ; 0           ; 0            ; 0       ; 0         ; 0    ; 0            ; |Flashy_bird|game:inst13                                                                   ;              ;
;    |game_text:inst3|                      ; 471 (471)         ; 0 (0)        ; 0           ; 0            ; 0       ; 0         ; 0    ; 0            ; |Flashy_bird|game_text:inst3                                                               ;              ;
;    |pipe:inst14|                          ; 173 (173)         ; 39 (39)      ; 0           ; 0            ; 0       ; 0         ; 0    ; 0            ; |Flashy_bird|pipe:inst14                                                                   ;              ;
;    |pipe:inst15|                          ; 169 (169)         ; 38 (38)      ; 0           ; 0            ; 0       ; 0         ; 0    ; 0            ; |Flashy_bird|pipe:inst15                                                                   ;              ;
;    |seven_decoder:inst6|                  ; 16 (16)           ; 14 (14)      ; 0           ; 0            ; 0       ; 0         ; 0    ; 0            ; |Flashy_bird|seven_decoder:inst6                                                           ;              ;
+-------------------------------------------+-------------------+--------------+-------------+--------------+---------+-----------+------+--------------+--------------------------------------------------------------------------------------------+--------------+
Note: For table entries with two numbers listed, the numbers in parentheses indicate the number of resources of the given type used by the specific entity alone. The numbers listed outside of parentheses indicate the total resources of the given type used by the specific entity and all of its sub-entities in the hierarchy.


+----------------------------------------------------------------------------------------------------------------------------------------------------------------------------------------+
; Analysis & Synthesis RAM Summary                                                                                                                                                       ;
+------------------------------------------------------------------------------------------+------+------+--------------+--------------+--------------+--------------+------+------------+
; Name                                                                                     ; Type ; Mode ; Port A Depth ; Port A Width ; Port B Depth ; Port B Width ; Size ; MIF        ;
+------------------------------------------------------------------------------------------+------+------+--------------+--------------+--------------+--------------+------+------------+
; char_rom:inst2|altsyncram:altsyncram_component|altsyncram_kt91:auto_generated|ALTSYNCRAM ; AUTO ; ROM  ; 512          ; 8            ; --           ; --           ; 4096 ; tcgrom.mif ;
+------------------------------------------------------------------------------------------+------+------+--------------+--------------+--------------+--------------+------+------------+


Encoding Type:  One-Hot
+---------------------------------------------------------------------------------------------------------------------------------------------------------------------------------------------------------+
; State Machine - |Flashy_bird|MOUSE:inst|mouse_state                                                                                                                                                     ;
+-------------------------------+---------------------------+--------------------------+-------------------------------+---------------------------+--------------------------+---------------------------+
; Name                          ; mouse_state.INPUT_PACKETS ; mouse_state.WAIT_CMD_ACK ; mouse_state.WAIT_OUTPUT_READY ; mouse_state.LOAD_COMMAND2 ; mouse_state.LOAD_COMMAND ; mouse_state.INHIBIT_TRANS ;
+-------------------------------+---------------------------+--------------------------+-------------------------------+---------------------------+--------------------------+---------------------------+
; mouse_state.INHIBIT_TRANS     ; 0                         ; 0                        ; 0                             ; 0                         ; 0                        ; 0                         ;
; mouse_state.LOAD_COMMAND      ; 0                         ; 0                        ; 0                             ; 0                         ; 1                        ; 1                         ;
; mouse_state.LOAD_COMMAND2     ; 0                         ; 0                        ; 0                             ; 1                         ; 0                        ; 1                         ;
; mouse_state.WAIT_OUTPUT_READY ; 0                         ; 0                        ; 1                             ; 0                         ; 0                        ; 1                         ;
; mouse_state.WAIT_CMD_ACK      ; 0                         ; 1                        ; 0                             ; 0                         ; 0                        ; 1                         ;
; mouse_state.INPUT_PACKETS     ; 1                         ; 0                        ; 0                             ; 0                         ; 0                        ; 1                         ;
+-------------------------------+---------------------------+--------------------------+-------------------------------+---------------------------+--------------------------+---------------------------+


Encoding Type:  One-Hot
+----------------------------------------------------------------+
; State Machine - |Flashy_bird|game:inst13|CS                    ;
+-------------+-------------+-------------+---------+------------+
; Name        ; CS.GAME_END ; CS.PRACTICE ; CS.GAME ; CS.WELCOME ;
+-------------+-------------+-------------+---------+------------+
; CS.WELCOME  ; 0           ; 0           ; 0       ; 0          ;
; CS.GAME     ; 0           ; 0           ; 1       ; 1          ;
; CS.PRACTICE ; 0           ; 1           ; 0       ; 1          ;
; CS.GAME_END ; 1           ; 0           ; 0       ; 1          ;
+-------------+-------------+-------------+---------+------------+


+------------------------------------------------------------+
; Logic Cells Representing Combinational Loops               ;
+--------------------------------------------------------+---+
; Logic Cell Name                                        ;   ;
+--------------------------------------------------------+---+
; pipe:inst14|LessThan4~0                                ;   ;
; pipe:inst14|LessThan4~1                                ;   ;
; pipe:inst14|LessThan4~2                                ;   ;
; pipe:inst15|LessThan4~0                                ;   ;
; pipe:inst15|LessThan4~1                                ;   ;
; pipe:inst15|LessThan4~2                                ;   ;
; Number of logic cells representing combinational loops ; 6 ;
+--------------------------------------------------------+---+
Note: All cells listed above may not be present at the end of synthesis due to various synthesis optimizations.


+---------------------------------------------------------------------------------------------------------+
; Registers Removed During Synthesis                                                                      ;
+------------------------------------------+--------------------------------------------------------------+
; Register name                            ; Reason for Removal                                           ;
+------------------------------------------+--------------------------------------------------------------+
; pipe:inst15|pipe_Y_pos_out[9,10]         ; Stuck at GND due to stuck port data_in                       ;
; pipe:inst14|pipe_Y_pos_out[9,10]         ; Stuck at GND due to stuck port data_in                       ;
; collision:inst16|\score_function:scored  ; Stuck at GND due to stuck port data_in                       ;
; ball:inst11|Ball_X_pos_t[0,2,3]          ; Stuck at GND due to stuck port data_in                       ;
; ball:inst11|Ball_X_pos_t[7]              ; Stuck at VCC due to stuck port data_in                       ;
; ball:inst11|Ball_X_pos_t[8..10]          ; Stuck at GND due to stuck port data_in                       ;
; ball:inst11|Ball_X_pos[0,2,3]            ; Stuck at GND due to stuck port data_in                       ;
; ball:inst11|Ball_X_pos[7]                ; Stuck at VCC due to stuck port data_in                       ;
; ball:inst11|Ball_X_pos[8..10]            ; Stuck at GND due to stuck port data_in                       ;
; ball:inst11|ball_X_pos_out[8..10]        ; Stuck at GND due to stuck port data_in                       ;
; ball:inst11|ball_X_pos_out[7]            ; Stuck at VCC due to stuck port data_in                       ;
; ball:inst11|ball_X_pos_out[0,2,3]        ; Stuck at GND due to stuck port data_in                       ;
; MOUSE:inst|CHAROUT[4..7]                 ; Stuck at VCC due to stuck port data_in                       ;
; MOUSE:inst|CHAROUT[3]                    ; Stuck at GND due to stuck port data_in                       ;
; MOUSE:inst|CHAROUT[2]                    ; Stuck at VCC due to stuck port data_in                       ;
; MOUSE:inst|CHAROUT[0,1]                  ; Stuck at GND due to stuck port data_in                       ;
; MOUSE:inst|SHIFTOUT[10]                  ; Stuck at VCC due to stuck port data_in                       ;
; pipe:inst15|pipe_Y_pos_out[7]            ; Merged with pipe:inst15|pipe_Y_pos_out[4]                    ;
; pipe:inst15|pipe_Y_pos_out[1]            ; Merged with pipe:inst15|pipe_Y_pos_out[0]                    ;
; pipe:inst15|Pipe_Y_pos[1]                ; Merged with pipe:inst15|Pipe_Y_pos[0]                        ;
; pipe:inst15|\Pipe_Ball:Pipe_Y_pos_t[0,1] ; Merged with pipe:inst15|Pipe_Y_pos[0]                        ;
; pipe:inst15|\Pipe_Ball:Pipe_Y_pos_t[2]   ; Merged with pipe:inst15|Pipe_Y_pos[2]                        ;
; pipe:inst15|\Pipe_Ball:Pipe_Y_pos_t[3]   ; Merged with pipe:inst15|Pipe_Y_pos[3]                        ;
; pipe:inst15|Pipe_Y_pos[7]                ; Merged with pipe:inst15|Pipe_Y_pos[4]                        ;
; pipe:inst15|\Pipe_Ball:Pipe_Y_pos_t[4,7] ; Merged with pipe:inst15|Pipe_Y_pos[4]                        ;
; pipe:inst15|\Pipe_Ball:Pipe_Y_pos_t[5]   ; Merged with pipe:inst15|Pipe_Y_pos[5]                        ;
; pipe:inst15|\Pipe_Ball:Pipe_Y_pos_t[6]   ; Merged with pipe:inst15|Pipe_Y_pos[6]                        ;
; pipe:inst15|\Pipe_Ball:Pipe_Y_pos_t[8]   ; Merged with pipe:inst15|Pipe_Y_pos[8]                        ;
; pipe:inst15|\Pipe_Ball:Pipe_X_pos_t[0]   ; Merged with pipe:inst15|Pipe_X_pos[0]                        ;
; pipe:inst15|\Pipe_Ball:Pipe_X_pos_t[1]   ; Merged with pipe:inst15|Pipe_X_pos[1]                        ;
; pipe:inst15|\Pipe_Ball:Pipe_X_pos_t[2]   ; Merged with pipe:inst15|Pipe_X_pos[2]                        ;
; pipe:inst15|\Pipe_Ball:Pipe_X_pos_t[3]   ; Merged with pipe:inst15|Pipe_X_pos[3]                        ;
; pipe:inst15|\Pipe_Ball:Pipe_X_pos_t[4]   ; Merged with pipe:inst15|Pipe_X_pos[4]                        ;
; pipe:inst15|\Pipe_Ball:Pipe_X_pos_t[5]   ; Merged with pipe:inst15|Pipe_X_pos[5]                        ;
; pipe:inst15|\Pipe_Ball:Pipe_X_pos_t[6]   ; Merged with pipe:inst15|Pipe_X_pos[6]                        ;
; pipe:inst15|\Pipe_Ball:Pipe_X_pos_t[7]   ; Merged with pipe:inst15|Pipe_X_pos[7]                        ;
; pipe:inst15|\Pipe_Ball:Pipe_X_pos_t[8]   ; Merged with pipe:inst15|Pipe_X_pos[8]                        ;
; pipe:inst15|\Pipe_Ball:Pipe_X_pos_t[9]   ; Merged with pipe:inst15|Pipe_X_pos[9]                        ;
; pipe:inst15|\Pipe_Ball:Pipe_X_pos_t[10]  ; Merged with pipe:inst15|Pipe_X_pos[10]                       ;
; pipe:inst14|\Pipe_Ball:start[0]          ; Merged with ball:inst11|\Move_Ball:start[0]                  ;
; pipe:inst15|\Pipe_Ball:start[0]          ; Merged with ball:inst11|\Move_Ball:start[0]                  ;
; pipe:inst14|\Pipe_Ball:start[1]          ; Merged with ball:inst11|\Move_Ball:start[1]                  ;
; pipe:inst15|\Pipe_Ball:start[1]          ; Merged with ball:inst11|\Move_Ball:start[1]                  ;
; pipe:inst14|\Pipe_Ball:start[2]          ; Merged with ball:inst11|\Move_Ball:start[2]                  ;
; pipe:inst15|\Pipe_Ball:start[2]          ; Merged with ball:inst11|\Move_Ball:start[2]                  ;
; pipe:inst14|\Pipe_Ball:start[3]          ; Merged with ball:inst11|\Move_Ball:start[3]                  ;
; pipe:inst15|\Pipe_Ball:start[3]          ; Merged with ball:inst11|\Move_Ball:start[3]                  ;
; pipe:inst14|\Pipe_Ball:start[4]          ; Merged with ball:inst11|\Move_Ball:start[4]                  ;
; pipe:inst15|\Pipe_Ball:start[4]          ; Merged with ball:inst11|\Move_Ball:start[4]                  ;
; pipe:inst14|\Pipe_Ball:start[5]          ; Merged with ball:inst11|\Move_Ball:start[5]                  ;
; pipe:inst15|\Pipe_Ball:start[5]          ; Merged with ball:inst11|\Move_Ball:start[5]                  ;
; pipe:inst14|pipe_Y_pos_out[7]            ; Merged with pipe:inst14|pipe_Y_pos_out[4]                    ;
; pipe:inst14|pipe_Y_pos_out[1]            ; Merged with pipe:inst14|pipe_Y_pos_out[0]                    ;
; pipe:inst14|Pipe_Y_pos[1]                ; Merged with pipe:inst14|Pipe_Y_pos[0]                        ;
; pipe:inst14|\Pipe_Ball:Pipe_Y_pos_t[0,1] ; Merged with pipe:inst14|Pipe_Y_pos[0]                        ;
; pipe:inst14|\Pipe_Ball:Pipe_Y_pos_t[2]   ; Merged with pipe:inst14|Pipe_Y_pos[2]                        ;
; pipe:inst14|\Pipe_Ball:Pipe_Y_pos_t[3]   ; Merged with pipe:inst14|Pipe_Y_pos[3]                        ;
; pipe:inst14|Pipe_Y_pos[7]                ; Merged with pipe:inst14|Pipe_Y_pos[4]                        ;
; pipe:inst14|\Pipe_Ball:Pipe_Y_pos_t[4,7] ; Merged with pipe:inst14|Pipe_Y_pos[4]                        ;
; pipe:inst14|\Pipe_Ball:Pipe_Y_pos_t[5]   ; Merged with pipe:inst14|Pipe_Y_pos[5]                        ;
; pipe:inst14|\Pipe_Ball:Pipe_Y_pos_t[6]   ; Merged with pipe:inst14|Pipe_Y_pos[6]                        ;
; pipe:inst14|\Pipe_Ball:Pipe_Y_pos_t[8]   ; Merged with pipe:inst14|Pipe_Y_pos[8]                        ;
; pipe:inst14|\Pipe_Ball:Pipe_X_pos_t[0]   ; Merged with pipe:inst14|Pipe_X_pos[0]                        ;
; pipe:inst14|\Pipe_Ball:Pipe_X_pos_t[1]   ; Merged with pipe:inst14|Pipe_X_pos[1]                        ;
; pipe:inst14|\Pipe_Ball:Pipe_X_pos_t[2]   ; Merged with pipe:inst14|Pipe_X_pos[2]                        ;
; pipe:inst14|\Pipe_Ball:Pipe_X_pos_t[3]   ; Merged with pipe:inst14|Pipe_X_pos[3]                        ;
; pipe:inst14|\Pipe_Ball:Pipe_X_pos_t[4]   ; Merged with pipe:inst14|Pipe_X_pos[4]                        ;
; pipe:inst14|\Pipe_Ball:Pipe_X_pos_t[5]   ; Merged with pipe:inst14|Pipe_X_pos[5]                        ;
; pipe:inst14|\Pipe_Ball:Pipe_X_pos_t[6]   ; Merged with pipe:inst14|Pipe_X_pos[6]                        ;
; pipe:inst14|\Pipe_Ball:Pipe_X_pos_t[7]   ; Merged with pipe:inst14|Pipe_X_pos[7]                        ;
; pipe:inst14|\Pipe_Ball:Pipe_X_pos_t[8]   ; Merged with pipe:inst14|Pipe_X_pos[8]                        ;
; pipe:inst14|\Pipe_Ball:Pipe_X_pos_t[9]   ; Merged with pipe:inst14|Pipe_X_pos[9]                        ;
; pipe:inst14|\Pipe_Ball:Pipe_X_pos_t[10]  ; Merged with pipe:inst14|Pipe_X_pos[10]                       ;
; collision:inst16|high_score[4]           ; Merged with collision:inst16|\score_function:high_score_t[4] ;
; collision:inst16|high_score[3]           ; Merged with collision:inst16|\score_function:high_score_t[3] ;
; collision:inst16|high_score[2]           ; Merged with collision:inst16|\score_function:high_score_t[2] ;
; collision:inst16|high_score[1]           ; Merged with collision:inst16|\score_function:high_score_t[1] ;
; collision:inst16|high_score[0]           ; Merged with collision:inst16|\score_function:high_score_t[0] ;
; collision:inst16|high_score[7]           ; Merged with collision:inst16|\score_function:high_score_t[7] ;
; collision:inst16|high_score[6]           ; Merged with collision:inst16|\score_function:high_score_t[6] ;
; collision:inst16|high_score[5]           ; Merged with collision:inst16|\score_function:high_score_t[5] ;
; collision:inst16|lives[1]                ; Merged with collision:inst16|\score_function:lives_t[1]      ;
; collision:inst16|lives[0]                ; Merged with collision:inst16|\score_function:lives_t[0]      ;
; collision:inst16|score[7]                ; Merged with collision:inst16|\score_function:tens[3]         ;
; collision:inst16|score[6]                ; Merged with collision:inst16|\score_function:tens[2]         ;
; collision:inst16|score[5]                ; Merged with collision:inst16|\score_function:tens[1]         ;
; collision:inst16|score[4]                ; Merged with collision:inst16|\score_function:tens[0]         ;
; collision:inst16|score[3]                ; Merged with collision:inst16|\score_function:ones[3]         ;
; collision:inst16|score[2]                ; Merged with collision:inst16|\score_function:ones[2]         ;
; collision:inst16|score[1]                ; Merged with collision:inst16|\score_function:ones[1]         ;
; collision:inst16|score[0]                ; Merged with collision:inst16|\score_function:ones[0]         ;
; ball:inst11|ball_X_pos_out[4,6]          ; Merged with ball:inst11|ball_X_pos_out[1]                    ;
; ball:inst11|Ball_X_pos[4,6]              ; Merged with ball:inst11|Ball_X_pos[1]                        ;
; ball:inst11|Ball_X_pos_t[4,6]            ; Merged with ball:inst11|Ball_X_pos_t[1]                      ;
; pipe:inst15|Pipe_Y_pos[0]                ; Stuck at GND due to stuck port data_in                       ;
; pipe:inst14|Pipe_Y_pos[0]                ; Stuck at GND due to stuck port data_in                       ;
; pipe:inst15|pipe_Y_pos_out[0]            ; Stuck at GND due to stuck port data_in                       ;
; pipe:inst14|pipe_Y_pos_out[0]            ; Stuck at GND due to stuck port data_in                       ;
; pipe:inst14|Pipe_X_pos_out_t[10]         ; Stuck at GND due to stuck port data_in                       ;
; pipe:inst15|Pipe_X_pos_out_t[10]         ; Stuck at GND due to stuck port data_in                       ;
; pipe:inst14|pipe_X_pos_out[10]           ; Stuck at GND due to stuck port data_in                       ;
; pipe:inst15|pipe_X_pos_out[10]           ; Stuck at GND due to stuck port data_in                       ;
; VGA_SYNC:inst12|pixel_row[10]            ; Stuck at GND due to stuck port data_in                       ;
; VGA_SYNC:inst12|pixel_column[10]         ; Stuck at GND due to stuck port data_in                       ;
; VGA_SYNC:inst12|pixel_row[9]             ; Stuck at GND due to stuck port data_in                       ;
; pipe:inst14|Pipe_Y_pos[5]                ; Merged with pipe:inst14|Pipe_Y_pos[2]                        ;
; pipe:inst14|Pipe_Y_pos[6]                ; Merged with pipe:inst14|Pipe_Y_pos[3]                        ;
; pipe:inst15|Pipe_X_pos[0]                ; Merged with pipe:inst14|Pipe_X_pos[0]                        ;
; pipe:inst15|Pipe_Y_pos[5]                ; Merged with pipe:inst15|Pipe_Y_pos[2]                        ;
; pipe:inst15|Pipe_Y_pos[6]                ; Merged with pipe:inst15|Pipe_Y_pos[3]                        ;
; pipe:inst14|pipe_Y_pos_out[5]            ; Merged with pipe:inst14|pipe_Y_pos_out[2]                    ;
; pipe:inst14|pipe_Y_pos_out[6]            ; Merged with pipe:inst14|pipe_Y_pos_out[3]                    ;
; pipe:inst15|pipe_Y_pos_out[5]            ; Merged with pipe:inst15|pipe_Y_pos_out[2]                    ;
; pipe:inst15|pipe_Y_pos_out[6]            ; Merged with pipe:inst15|pipe_Y_pos_out[3]                    ;
; Total Number of Removed Registers = 139  ;                                                              ;
+------------------------------------------+--------------------------------------------------------------+


+---------------------------------------------------------------------------------------------------------------------------+
; Removed Registers Triggering Further Register Optimizations                                                               ;
+----------------------------------+---------------------------+------------------------------------------------------------+
; Register name                    ; Reason for Removal        ; Registers Removed due to This Register                     ;
+----------------------------------+---------------------------+------------------------------------------------------------+
; ball:inst11|Ball_X_pos_t[0]      ; Stuck at GND              ; ball:inst11|Ball_X_pos[0], ball:inst11|ball_X_pos_out[0]   ;
;                                  ; due to stuck port data_in ;                                                            ;
; ball:inst11|Ball_X_pos_t[2]      ; Stuck at GND              ; ball:inst11|Ball_X_pos[2], ball:inst11|ball_X_pos_out[2]   ;
;                                  ; due to stuck port data_in ;                                                            ;
; ball:inst11|Ball_X_pos_t[3]      ; Stuck at GND              ; ball:inst11|Ball_X_pos[3], ball:inst11|ball_X_pos_out[3]   ;
;                                  ; due to stuck port data_in ;                                                            ;
; ball:inst11|Ball_X_pos_t[7]      ; Stuck at VCC              ; ball:inst11|Ball_X_pos[7], ball:inst11|ball_X_pos_out[7]   ;
;                                  ; due to stuck port data_in ;                                                            ;
; ball:inst11|Ball_X_pos_t[8]      ; Stuck at GND              ; ball:inst11|Ball_X_pos[8], ball:inst11|ball_X_pos_out[8]   ;
;                                  ; due to stuck port data_in ;                                                            ;
; ball:inst11|Ball_X_pos_t[9]      ; Stuck at GND              ; ball:inst11|Ball_X_pos[9], ball:inst11|ball_X_pos_out[9]   ;
;                                  ; due to stuck port data_in ;                                                            ;
; ball:inst11|Ball_X_pos_t[10]     ; Stuck at GND              ; ball:inst11|Ball_X_pos[10], ball:inst11|ball_X_pos_out[10] ;
;                                  ; due to stuck port data_in ;                                                            ;
; pipe:inst15|Pipe_Y_pos[0]        ; Stuck at GND              ; pipe:inst15|pipe_Y_pos_out[0]                              ;
;                                  ; due to stuck port data_in ;                                                            ;
; pipe:inst14|Pipe_Y_pos[0]        ; Stuck at GND              ; pipe:inst14|pipe_Y_pos_out[0]                              ;
;                                  ; due to stuck port data_in ;                                                            ;
; pipe:inst14|Pipe_X_pos_out_t[10] ; Stuck at GND              ; pipe:inst14|pipe_X_pos_out[10]                             ;
;                                  ; due to stuck port data_in ;                                                            ;
; pipe:inst15|Pipe_X_pos_out_t[10] ; Stuck at GND              ; pipe:inst15|pipe_X_pos_out[10]                             ;
;                                  ; due to stuck port data_in ;                                                            ;
+----------------------------------+---------------------------+------------------------------------------------------------+


+------------------------------------------------------+
; General Register Statistics                          ;
+----------------------------------------------+-------+
; Statistic                                    ; Value ;
+----------------------------------------------+-------+
; Total registers                              ; 330   ;
; Number of registers using Synchronous Clear  ; 0     ;
; Number of registers using Synchronous Load   ; 19    ;
; Number of registers using Asynchronous Clear ; 20    ;
; Number of registers using Asynchronous Load  ; 0     ;
; Number of registers using Clock Enable       ; 106   ;
; Number of registers using Preset             ; 0     ;
+----------------------------------------------+-------+


+---------------------------------------------------+
; Inverted Register Statistics                      ;
+-----------------------------------------+---------+
; Inverted Register                       ; Fan out ;
+-----------------------------------------+---------+
; pipe:inst14|Pipe_X_pos[10]              ; 20      ;
; pipe:inst14|Pipe_X_pos[9]               ; 9       ;
; pipe:inst14|Pipe_X_pos[8]               ; 9       ;
; pipe:inst14|Pipe_X_pos[7]               ; 9       ;
; pipe:inst14|Pipe_X_pos[6]               ; 9       ;
; pipe:inst14|Pipe_X_pos[5]               ; 9       ;
; pipe:inst14|Pipe_X_pos[0]               ; 11      ;
; pipe:inst14|Pipe_Y_pos[4]               ; 13      ;
; pipe:inst14|Pipe_Y_pos[3]               ; 12      ;
; pipe:inst14|Pipe_Y_pos[2]               ; 11      ;
; pipe:inst15|Pipe_X_pos[10]              ; 20      ;
; pipe:inst15|Pipe_X_pos[9]               ; 9       ;
; pipe:inst15|Pipe_X_pos[8]               ; 9       ;
; pipe:inst15|Pipe_X_pos[7]               ; 9       ;
; pipe:inst15|Pipe_X_pos[6]               ; 9       ;
; pipe:inst15|Pipe_X_pos[5]               ; 9       ;
; pipe:inst15|Pipe_Y_pos[4]               ; 13      ;
; pipe:inst15|Pipe_Y_pos[3]               ; 13      ;
; pipe:inst15|Pipe_Y_pos[2]               ; 11      ;
; game:inst13|prev_right_click            ; 2       ;
; game:inst13|prev_left_click             ; 2       ;
; MOUSE:inst|send_char                    ; 3       ;
; MOUSE:inst|SHIFTOUT[3]                  ; 1       ;
; MOUSE:inst|SHIFTOUT[5]                  ; 1       ;
; MOUSE:inst|SHIFTOUT[6]                  ; 1       ;
; MOUSE:inst|SHIFTOUT[7]                  ; 1       ;
; MOUSE:inst|SHIFTOUT[8]                  ; 1       ;
; Total number of inverted registers = 27 ;         ;
+-----------------------------------------+---------+


+-----------------------------------------------------------------------------------------------------------------------------------------------------------------------------+
; Multiplexer Restructuring Statistics (Restructuring Performed)                                                                                                              ;
+--------------------+-----------+---------------+----------------------+------------------------+------------+---------------------------------------------------------------+
; Multiplexer Inputs ; Bus Width ; Baseline Area ; Area if Restructured ; Saving if Restructured ; Registered ; Example Multiplexer Output                                    ;
+--------------------+-----------+---------------+----------------------+------------------------+------------+---------------------------------------------------------------+
; 3:1                ; 2 bits    ; 4 LEs         ; 2 LEs                ; 2 LEs                  ; Yes        ; |Flashy_bird|collision:inst16|\score_function:lives_t[1]      ;
; 3:1                ; 7 bits    ; 14 LEs        ; 14 LEs               ; 0 LEs                  ; Yes        ; |Flashy_bird|collision:inst16|\score_function:imba_count[4]   ;
; 3:1                ; 11 bits   ; 22 LEs        ; 11 LEs               ; 11 LEs                 ; Yes        ; |Flashy_bird|VGA_SYNC:inst12|v_count[10]                      ;
; 3:1                ; 8 bits    ; 16 LEs        ; 0 LEs                ; 16 LEs                 ; Yes        ; |Flashy_bird|collision:inst16|\score_function:high_score_t[4] ;
; 3:1                ; 3 bits    ; 6 LEs         ; 3 LEs                ; 3 LEs                  ; Yes        ; |Flashy_bird|ball:inst11|\Move_Ball:count[2]                  ;
; 3:1                ; 11 bits   ; 22 LEs        ; 11 LEs               ; 11 LEs                 ; Yes        ; |Flashy_bird|ball:inst11|Ball_Y_pos_t[9]                      ;
; 3:1                ; 3 bits    ; 6 LEs         ; 0 LEs                ; 6 LEs                  ; Yes        ; |Flashy_bird|pipe:inst14|Pipe_Y_pos[6]                        ;
; 3:1                ; 3 bits    ; 6 LEs         ; 0 LEs                ; 6 LEs                  ; Yes        ; |Flashy_bird|pipe:inst15|Pipe_Y_pos[8]                        ;
; 10:1               ; 2 bits    ; 12 LEs        ; 8 LEs                ; 4 LEs                  ; Yes        ; |Flashy_bird|pipe:inst14|Pipe_X_pos[3]                        ;
; 10:1               ; 2 bits    ; 12 LEs        ; 8 LEs                ; 4 LEs                  ; Yes        ; |Flashy_bird|pipe:inst15|Pipe_X_pos[4]                        ;
; 8:1                ; 11 bits   ; 55 LEs        ; 44 LEs               ; 11 LEs                 ; Yes        ; |Flashy_bird|ball:inst11|Ball_Y_motion_t[6]                   ;
; 3:1                ; 3 bits    ; 6 LEs         ; 0 LEs                ; 6 LEs                  ; Yes        ; |Flashy_bird|pipe:inst14|Pipe_Y_pos[2]                        ;
; 3:1                ; 3 bits    ; 6 LEs         ; 0 LEs                ; 6 LEs                  ; Yes        ; |Flashy_bird|pipe:inst15|Pipe_Y_pos[4]                        ;
; 10:1               ; 6 bits    ; 36 LEs        ; 24 LEs               ; 12 LEs                 ; Yes        ; |Flashy_bird|pipe:inst14|Pipe_X_pos[9]                        ;
; 10:1               ; 6 bits    ; 36 LEs        ; 24 LEs               ; 12 LEs                 ; Yes        ; |Flashy_bird|pipe:inst15|Pipe_X_pos[9]                        ;
; 3:1                ; 2 bits    ; 4 LEs         ; 4 LEs                ; 0 LEs                  ; No         ; |Flashy_bird|game:inst13|green_data[3]                        ;
; 3:1                ; 4 bits    ; 8 LEs         ; 8 LEs                ; 0 LEs                  ; No         ; |Flashy_bird|collision:inst16|tens                            ;
; 4:1                ; 2 bits    ; 4 LEs         ; 4 LEs                ; 0 LEs                  ; No         ; |Flashy_bird|game:inst13|green_data[1]                        ;
; 22:1               ; 6 bits    ; 84 LEs        ; 6 LEs                ; 78 LEs                 ; No         ; |Flashy_bird|game_text:inst3|char_row[2]                      ;
; 104:1              ; 2 bits    ; 138 LEs       ; 130 LEs              ; 8 LEs                  ; No         ; |Flashy_bird|game_text:inst3|char_add[0]                      ;
+--------------------+-----------+---------------+----------------------+------------------------+------------+---------------------------------------------------------------+


+------------------------------------------------------------------------------------------------------+
; Source assignments for char_rom:inst2|altsyncram:altsyncram_component|altsyncram_kt91:auto_generated ;
+---------------------------------+--------------------+------+----------------------------------------+
; Assignment                      ; Value              ; From ; To                                     ;
+---------------------------------+--------------------+------+----------------------------------------+
; OPTIMIZE_POWER_DURING_SYNTHESIS ; NORMAL_COMPILATION ; -    ; -                                      ;
+---------------------------------+--------------------+------+----------------------------------------+


+---------------------------------------------------------------------------------------------+
; Parameter Settings for User Entity Instance: char_rom:inst2|altsyncram:altsyncram_component ;
+------------------------------------+----------------------+---------------------------------+
; Parameter Name                     ; Value                ; Type                            ;
+------------------------------------+----------------------+---------------------------------+
; BYTE_SIZE_BLOCK                    ; 8                    ; Untyped                         ;
; AUTO_CARRY_CHAINS                  ; ON                   ; AUTO_CARRY                      ;
; IGNORE_CARRY_BUFFERS               ; OFF                  ; IGNORE_CARRY                    ;
; AUTO_CASCADE_CHAINS                ; ON                   ; AUTO_CASCADE                    ;
; IGNORE_CASCADE_BUFFERS             ; OFF                  ; IGNORE_CASCADE                  ;
; WIDTH_BYTEENA                      ; 1                    ; Untyped                         ;
; OPERATION_MODE                     ; ROM                  ; Untyped                         ;
; WIDTH_A                            ; 8                    ; Signed Integer                  ;
; WIDTHAD_A                          ; 9                    ; Signed Integer                  ;
; NUMWORDS_A                         ; 512                  ; Signed Integer                  ;
; OUTDATA_REG_A                      ; UNREGISTERED         ; Untyped                         ;
; ADDRESS_ACLR_A                     ; NONE                 ; Untyped                         ;
; OUTDATA_ACLR_A                     ; NONE                 ; Untyped                         ;
; WRCONTROL_ACLR_A                   ; NONE                 ; Untyped                         ;
; INDATA_ACLR_A                      ; NONE                 ; Untyped                         ;
; BYTEENA_ACLR_A                     ; NONE                 ; Untyped                         ;
; WIDTH_B                            ; 1                    ; Untyped                         ;
; WIDTHAD_B                          ; 1                    ; Untyped                         ;
; NUMWORDS_B                         ; 1                    ; Untyped                         ;
; INDATA_REG_B                       ; CLOCK1               ; Untyped                         ;
; WRCONTROL_WRADDRESS_REG_B          ; CLOCK1               ; Untyped                         ;
; RDCONTROL_REG_B                    ; CLOCK1               ; Untyped                         ;
; ADDRESS_REG_B                      ; CLOCK1               ; Untyped                         ;
; OUTDATA_REG_B                      ; UNREGISTERED         ; Untyped                         ;
; BYTEENA_REG_B                      ; CLOCK1               ; Untyped                         ;
; INDATA_ACLR_B                      ; NONE                 ; Untyped                         ;
; WRCONTROL_ACLR_B                   ; NONE                 ; Untyped                         ;
; ADDRESS_ACLR_B                     ; NONE                 ; Untyped                         ;
; OUTDATA_ACLR_B                     ; NONE                 ; Untyped                         ;
; RDCONTROL_ACLR_B                   ; NONE                 ; Untyped                         ;
; BYTEENA_ACLR_B                     ; NONE                 ; Untyped                         ;
; WIDTH_BYTEENA_A                    ; 1                    ; Signed Integer                  ;
; WIDTH_BYTEENA_B                    ; 1                    ; Untyped                         ;
; RAM_BLOCK_TYPE                     ; AUTO                 ; Untyped                         ;
; BYTE_SIZE                          ; 8                    ; Untyped                         ;
; READ_DURING_WRITE_MODE_MIXED_PORTS ; DONT_CARE            ; Untyped                         ;
; READ_DURING_WRITE_MODE_PORT_A      ; NEW_DATA_NO_NBE_READ ; Untyped                         ;
; READ_DURING_WRITE_MODE_PORT_B      ; NEW_DATA_NO_NBE_READ ; Untyped                         ;
; INIT_FILE                          ; tcgrom.mif           ; Untyped                         ;
; INIT_FILE_LAYOUT                   ; PORT_A               ; Untyped                         ;
; MAXIMUM_DEPTH                      ; 0                    ; Untyped                         ;
; CLOCK_ENABLE_INPUT_A               ; BYPASS               ; Untyped                         ;
; CLOCK_ENABLE_INPUT_B               ; NORMAL               ; Untyped                         ;
; CLOCK_ENABLE_OUTPUT_A              ; BYPASS               ; Untyped                         ;
; CLOCK_ENABLE_OUTPUT_B              ; NORMAL               ; Untyped                         ;
; CLOCK_ENABLE_CORE_A                ; USE_INPUT_CLKEN      ; Untyped                         ;
; CLOCK_ENABLE_CORE_B                ; USE_INPUT_CLKEN      ; Untyped                         ;
; ENABLE_ECC                         ; FALSE                ; Untyped                         ;
; ECC_PIPELINE_STAGE_ENABLED         ; FALSE                ; Untyped                         ;
; WIDTH_ECCSTATUS                    ; 3                    ; Untyped                         ;
; DEVICE_FAMILY                      ; Cyclone III          ; Untyped                         ;
; CBXI_PARAMETER                     ; altsyncram_kt91      ; Untyped                         ;
+------------------------------------+----------------------+---------------------------------+
Note: In order to hide this table in the UI and the text report file, please set the "Show Parameter Settings in Synthesis Report" option in "Analysis and Synthesis Settings -> More Settings" to "Off".


+--------------------------------------------------------------+
; Parameter Settings for User Entity Instance: game_text:inst3 ;
+----------------+-------+-------------------------------------+
; Parameter Name ; Value ; Type                                ;
+----------------+-------+-------------------------------------+
; addr_width     ; 12    ; Signed Integer                      ;
; data_width     ; 1     ; Signed Integer                      ;
+----------------+-------+-------------------------------------+
Note: In order to hide this table in the UI and the text report file, please set the "Show Parameter Settings in Synthesis Report" option in "Analysis and Synthesis Settings -> More Settings" to "Off".


+----------------------------------------------------------+
; Parameter Settings for User Entity Instance: pipe:inst14 ;
+----------------+-------+---------------------------------+
; Parameter Name ; Value ; Type                            ;
+----------------+-------+---------------------------------+
; addr_width     ; 12    ; Signed Integer                  ;
; data_width     ; 1     ; Signed Integer                  ;
+----------------+-------+---------------------------------+
Note: In order to hide this table in the UI and the text report file, please set the "Show Parameter Settings in Synthesis Report" option in "Analysis and Synthesis Settings -> More Settings" to "Off".


+----------------------------------------------------------+
; Parameter Settings for User Entity Instance: pipe:inst15 ;
+----------------+-------+---------------------------------+
; Parameter Name ; Value ; Type                            ;
+----------------+-------+---------------------------------+
; addr_width     ; 12    ; Signed Integer                  ;
; data_width     ; 1     ; Signed Integer                  ;
+----------------+-------+---------------------------------+
Note: In order to hide this table in the UI and the text report file, please set the "Show Parameter Settings in Synthesis Report" option in "Analysis and Synthesis Settings -> More Settings" to "Off".


+--------------------------------------------------------------------------------------------+
; altsyncram Parameter Settings by Entity Instance                                           ;
+-------------------------------------------+------------------------------------------------+
; Name                                      ; Value                                          ;
+-------------------------------------------+------------------------------------------------+
; Number of entity instances                ; 1                                              ;
; Entity Instance                           ; char_rom:inst2|altsyncram:altsyncram_component ;
;     -- OPERATION_MODE                     ; ROM                                            ;
;     -- WIDTH_A                            ; 8                                              ;
;     -- NUMWORDS_A                         ; 512                                            ;
;     -- OUTDATA_REG_A                      ; UNREGISTERED                                   ;
;     -- WIDTH_B                            ; 1                                              ;
;     -- NUMWORDS_B                         ; 1                                              ;
;     -- ADDRESS_REG_B                      ; CLOCK1                                         ;
;     -- OUTDATA_REG_B                      ; UNREGISTERED                                   ;
;     -- RAM_BLOCK_TYPE                     ; AUTO                                           ;
;     -- READ_DURING_WRITE_MODE_MIXED_PORTS ; DONT_CARE                                      ;
+-------------------------------------------+------------------------------------------------+


+-------------------------------+
; Elapsed Time Per Partition    ;
+----------------+--------------+
; Partition Name ; Elapsed Time ;
+----------------+--------------+
; Top            ; 00:00:04     ;
+----------------+--------------+


+-------------------------------+
; Analysis & Synthesis Messages ;
+-------------------------------+
Info: *******************************************************************
Info: Running Quartus II 64-Bit Analysis & Synthesis
    Info: Version 13.0.0 Build 156 04/24/2013 SJ Web Edition
    Info: Processing started: Wed May 25 03:58:43 2016
Info: Command: quartus_map --read_settings_files=on --write_settings_files=off cs305_mini_project -c cs305_mini_project
Warning (20028): Parallel compilation is not licensed and has been disabled
Info (12021): Found 1 design units, including 1 entities, in source file flashy_bird.bdf
    Info (12023): Found entity 1: Flashy_bird
Info (12021): Found 2 design units, including 1 entities, in source file game_text.vhd
    Info (12022): Found design unit 1: game_text-behavior
    Info (12023): Found entity 1: game_text
Info (12021): Found 2 design units, including 1 entities, in source file vga_sync.vhd
    Info (12022): Found design unit 1: VGA_SYNC-a
    Info (12023): Found entity 1: VGA_SYNC
Info (12021): Found 2 design units, including 1 entities, in source file mouse.vhd
    Info (12022): Found design unit 1: MOUSE-behavior
    Info (12023): Found entity 1: MOUSE
Info (12021): Found 2 design units, including 1 entities, in source file char_rom.vhd
    Info (12022): Found design unit 1: char_rom-SYN
    Info (12023): Found entity 1: char_rom
Info (12021): Found 2 design units, including 1 entities, in source file ball.vhd
    Info (12022): Found design unit 1: ball-behavior
    Info (12023): Found entity 1: ball
Info (12021): Found 2 design units, including 1 entities, in source file clk_div.vhd
    Info (12022): Found design unit 1: clk_div-behaviour
    Info (12023): Found entity 1: clk_div
Info (12021): Found 2 design units, including 1 entities, in source file seven_decoder.vhd
    Info (12022): Found design unit 1: seven_decoder-behaviour
    Info (12023): Found entity 1: seven_decoder
Info (12021): Found 2 design units, including 1 entities, in source file pipe.vhd
    Info (12022): Found design unit 1: pipe-behavior
    Info (12023): Found entity 1: pipe
Info (12021): Found 2 design units, including 1 entities, in source file game.vhd
    Info (12022): Found design unit 1: game-behavior
    Info (12023): Found entity 1: game
Info (12021): Found 2 design units, including 1 entities, in source file collision.vhd
    Info (12022): Found design unit 1: collision-bhv
    Info (12023): Found entity 1: collision
Info (12127): Elaborating entity "Flashy_bird" for the top level hierarchy
Info (12128): Elaborating entity "VGA_SYNC" for hierarchy "VGA_SYNC:inst12"
Info (12128): Elaborating entity "clk_div" for hierarchy "clk_div:inst1"
Info (12128): Elaborating entity "game" for hierarchy "game:inst13"
Info (12128): Elaborating entity "ball" for hierarchy "ball:inst11"
Info (12128): Elaborating entity "MOUSE" for hierarchy "MOUSE:inst"
Warning (10036): Verilog HDL or VHDL warning at mouse.VHD(22): object "CHARIN" assigned a value but never read
Info (12128): Elaborating entity "char_rom" for hierarchy "char_rom:inst2"
Info (12128): Elaborating entity "altsyncram" for hierarchy "char_rom:inst2|altsyncram:altsyncram_component"
Info (12130): Elaborated megafunction instantiation "char_rom:inst2|altsyncram:altsyncram_component"
Info (12133): Instantiated megafunction "char_rom:inst2|altsyncram:altsyncram_component" with the following parameter:
    Info (12134): Parameter "address_aclr_a" = "NONE"
    Info (12134): Parameter "clock_enable_input_a" = "BYPASS"
    Info (12134): Parameter "clock_enable_output_a" = "BYPASS"
    Info (12134): Parameter "init_file" = "tcgrom.mif"
    Info (12134): Parameter "intended_device_family" = "Cyclone III"
    Info (12134): Parameter "lpm_hint" = "ENABLE_RUNTIME_MOD=NO"
    Info (12134): Parameter "lpm_type" = "altsyncram"
    Info (12134): Parameter "numwords_a" = "512"
    Info (12134): Parameter "operation_mode" = "ROM"
    Info (12134): Parameter "outdata_aclr_a" = "NONE"
    Info (12134): Parameter "outdata_reg_a" = "UNREGISTERED"
    Info (12134): Parameter "widthad_a" = "9"
    Info (12134): Parameter "width_a" = "8"
    Info (12134): Parameter "width_byteena_a" = "1"
Info (12021): Found 1 design units, including 1 entities, in source file db/altsyncram_kt91.tdf
    Info (12023): Found entity 1: altsyncram_kt91
Info (12128): Elaborating entity "altsyncram_kt91" for hierarchy "char_rom:inst2|altsyncram:altsyncram_component|altsyncram_kt91:auto_generated"
Info (12128): Elaborating entity "game_text" for hierarchy "game_text:inst3"
Warning (10631): VHDL Process Statement warning at game_text.vhd(103): inferring latch(es) for signal or variable "char_row", which holds its previous value in one or more paths through the process
Warning (10631): VHDL Process Statement warning at game_text.vhd(103): inferring latch(es) for signal or variable "char_col", which holds its previous value in one or more paths through the process
Warning (10631): VHDL Process Statement warning at game_text.vhd(103): inferring latch(es) for signal or variable "char_add", which holds its previous value in one or more paths through the process
Info (10041): Inferred latch for "char_add[0]" at game_text.vhd(103)
Info (10041): Inferred latch for "char_add[1]" at game_text.vhd(103)
Info (10041): Inferred latch for "char_add[2]" at game_text.vhd(103)
Info (10041): Inferred latch for "char_add[3]" at game_text.vhd(103)
Info (10041): Inferred latch for "char_add[4]" at game_text.vhd(103)
Info (10041): Inferred latch for "char_add[5]" at game_text.vhd(103)
Info (10041): Inferred latch for "char_col[0]" at game_text.vhd(103)
Info (10041): Inferred latch for "char_col[1]" at game_text.vhd(103)
Info (10041): Inferred latch for "char_col[2]" at game_text.vhd(103)
Info (10041): Inferred latch for "char_row[0]" at game_text.vhd(103)
Info (10041): Inferred latch for "char_row[1]" at game_text.vhd(103)
Info (10041): Inferred latch for "char_row[2]" at game_text.vhd(103)
Info (12128): Elaborating entity "collision" for hierarchy "collision:inst16"
Info (12128): Elaborating entity "pipe" for hierarchy "pipe:inst14"
Info (12128): Elaborating entity "seven_decoder" for hierarchy "seven_decoder:inst6"
Warning (14026): LATCH primitive "game_text:inst3|char_col[2]" is permanently enabled
Warning (14026): LATCH primitive "game_text:inst3|char_col[1]" is permanently enabled
Warning (14026): LATCH primitive "game_text:inst3|char_col[0]" is permanently enabled
Warning (14026): LATCH primitive "game_text:inst3|char_row[0]" is permanently enabled
Warning (14026): LATCH primitive "game_text:inst3|char_row[1]" is permanently enabled
Warning (14026): LATCH primitive "game_text:inst3|char_row[2]" is permanently enabled
Warning (14026): LATCH primitive "game_text:inst3|char_add[0]" is permanently enabled
Warning (14026): LATCH primitive "game_text:inst3|char_add[1]" is permanently enabled
Warning (14026): LATCH primitive "game_text:inst3|char_add[2]" is permanently enabled
Warning (14026): LATCH primitive "game_text:inst3|char_add[3]" is permanently enabled
Warning (14026): LATCH primitive "game_text:inst3|char_add[4]" is permanently enabled
Warning (14026): LATCH primitive "game_text:inst3|char_add[5]" is permanently enabled
Info (13000): Registers with preset signals will power-up high
Info (13003): DEV_CLRn pin will set, and not reset, register with preset signal due to NOT Gate Push-Back
Info (286030): Timing-Driven Synthesis is running
Info (16010): Generating hard_block partition "hard_block:auto_generated_inst"
    Info (16011): Adding 0 node(s), including 0 DDIO, 0 PLL, 0 transceiver and 0 LCELL
Info (21057): Implemented 1496 device resources after synthesis - the final resource count might be different
    Info (21058): Implemented 3 input pins
    Info (21059): Implemented 29 output pins
    Info (21060): Implemented 2 bidirectional pins
    Info (21061): Implemented 1454 logic cells
    Info (21064): Implemented 8 RAM segments
Info: Quartus II 64-Bit Analysis & Synthesis was successful. 0 errors, 17 warnings
    Info: Peak virtual memory: 500 megabytes
    Info: Processing ended: Wed May 25 03:58:49 2016
    Info: Elapsed time: 00:00:06
    Info: Total CPU time (on all processors): 00:00:06


