Analysis & Synthesis report for mini_project_group09
Sat May 13 16:13:49 2017
Quartus II 64-Bit Version 13.0.0 Build 156 04/24/2013 SJ Full Version


---------------------
; Table of Contents ;
---------------------
  1. Legal Notice
  2. Analysis & Synthesis Summary
  3. Analysis & Synthesis Settings
  4. Parallel Compilation
  5. Analysis & Synthesis Source Files Read
  6. Analysis & Synthesis Resource Usage Summary
  7. Analysis & Synthesis Resource Utilization by Entity
  8. State Machine - |mini_project_group09|MOUSE:inst1|mouse_state
  9. Registers Removed During Synthesis
 10. General Register Statistics
 11. Inverted Register Statistics
 12. Multiplexer Restructuring Statistics (Restructuring Performed)
 13. Source assignments for char_rom:inst5|altsyncram:altsyncram_component|altsyncram_kt91:auto_generated
 14. Parameter Settings for User Entity Instance: char_rom:inst5|altsyncram:altsyncram_component
 15. altsyncram Parameter Settings by Entity Instance
 16. Elapsed Time Per Partition
 17. Analysis & Synthesis Messages



----------------
; Legal Notice ;
----------------
Copyright (C) 1991-2013 Altera Corporation
Your use of Altera Corporation's design tools, logic functions 
and other software and tools, and its AMPP partner logic 
functions, and any output files from any of the foregoing 
(including device programming or simulation files), and any 
associated documentation or information are expressly subject 
to the terms and conditions of the Altera Program License 
Subscription Agreement, Altera MegaCore Function License 
Agreement, or other applicable license agreement, including, 
without limitation, that your use is for the sole purpose of 
programming logic devices manufactured by Altera and sold by 
Altera or its authorized distributors.  Please refer to the 
applicable agreement for further details.



+----------------------------------------------------------------------------------+
; Analysis & Synthesis Summary                                                     ;
+------------------------------------+---------------------------------------------+
; Analysis & Synthesis Status        ; Successful - Sat May 13 16:13:49 2017       ;
; Quartus II 64-Bit Version          ; 13.0.0 Build 156 04/24/2013 SJ Full Version ;
; Revision Name                      ; mini_project_group09                        ;
; Top-level Entity Name              ; mini_project_group09                        ;
; Family                             ; Cyclone III                                 ;
; Total logic elements               ; 187                                         ;
;     Total combinational functions  ; 155                                         ;
;     Dedicated logic registers      ; 128                                         ;
; Total registers                    ; 128                                         ;
; Total pins                         ; 13                                          ;
; Total virtual pins                 ; 0                                           ;
; Total memory bits                  ; 0                                           ;
; Embedded Multiplier 9-bit elements ; 0                                           ;
; Total PLLs                         ; 0                                           ;
+------------------------------------+---------------------------------------------+


+--------------------------------------------------------------------------------------------------------------------------+
; Analysis & Synthesis Settings                                                                                            ;
+----------------------------------------------------------------------------+----------------------+----------------------+
; Option                                                                     ; Setting              ; Default Value        ;
+----------------------------------------------------------------------------+----------------------+----------------------+
; Device                                                                     ; EP3C16F484C6         ;                      ;
; Top-level entity name                                                      ; mini_project_group09 ; mini_project_group09 ;
; Family name                                                                ; Cyclone III          ; Cyclone IV GX        ;
; Use smart compilation                                                      ; Off                  ; Off                  ;
; Enable parallel Assembler and TimeQuest Timing Analyzer during compilation ; On                   ; On                   ;
; Enable compact report table                                                ; Off                  ; Off                  ;
; Restructure Multiplexers                                                   ; Auto                 ; Auto                 ;
; Create Debugging Nodes for IP Cores                                        ; Off                  ; Off                  ;
; Preserve fewer node names                                                  ; On                   ; On                   ;
; Disable OpenCore Plus hardware evaluation                                  ; Off                  ; Off                  ;
; Verilog Version                                                            ; Verilog_2001         ; Verilog_2001         ;
; VHDL Version                                                               ; VHDL_1993            ; VHDL_1993            ;
; State Machine Processing                                                   ; Auto                 ; Auto                 ;
; Safe State Machine                                                         ; Off                  ; Off                  ;
; Extract Verilog State Machines                                             ; On                   ; On                   ;
; Extract VHDL State Machines                                                ; On                   ; On                   ;
; Ignore Verilog initial constructs                                          ; Off                  ; Off                  ;
; Iteration limit for constant Verilog loops                                 ; 5000                 ; 5000                 ;
; Iteration limit for non-constant Verilog loops                             ; 250                  ; 250                  ;
; Add Pass-Through Logic to Inferred RAMs                                    ; On                   ; On                   ;
; Infer RAMs from Raw Logic                                                  ; On                   ; On                   ;
; Parallel Synthesis                                                         ; On                   ; On                   ;
; DSP Block Balancing                                                        ; Auto                 ; Auto                 ;
; NOT Gate Push-Back                                                         ; On                   ; On                   ;
; Power-Up Don't Care                                                        ; On                   ; On                   ;
; Remove Redundant Logic Cells                                               ; Off                  ; Off                  ;
; Remove Duplicate Registers                                                 ; On                   ; On                   ;
; Ignore CARRY Buffers                                                       ; Off                  ; Off                  ;
; Ignore CASCADE Buffers                                                     ; Off                  ; Off                  ;
; Ignore GLOBAL Buffers                                                      ; Off                  ; Off                  ;
; Ignore ROW GLOBAL Buffers                                                  ; Off                  ; Off                  ;
; Ignore LCELL Buffers                                                       ; Off                  ; Off                  ;
; Ignore SOFT Buffers                                                        ; On                   ; On                   ;
; Limit AHDL Integers to 32 Bits                                             ; Off                  ; Off                  ;
; Optimization Technique                                                     ; Balanced             ; Balanced             ;
; Carry Chain Length                                                         ; 70                   ; 70                   ;
; Auto Carry Chains                                                          ; On                   ; On                   ;
; Auto Open-Drain Pins                                                       ; On                   ; On                   ;
; Perform WYSIWYG Primitive Resynthesis                                      ; Off                  ; Off                  ;
; Auto ROM Replacement                                                       ; On                   ; On                   ;
; Auto RAM Replacement                                                       ; On                   ; On                   ;
; Auto DSP Block Replacement                                                 ; On                   ; On                   ;
; Auto Shift Register Replacement                                            ; Auto                 ; Auto                 ;
; Allow Shift Register Merging across Hierarchies                            ; Auto                 ; Auto                 ;
; Auto Clock Enable Replacement                                              ; On                   ; On                   ;
; Strict RAM Replacement                                                     ; Off                  ; Off                  ;
; Allow Synchronous Control Signals                                          ; On                   ; On                   ;
; Force Use of Synchronous Clear Signals                                     ; Off                  ; Off                  ;
; Auto RAM Block Balancing                                                   ; On                   ; On                   ;
; Auto RAM to Logic Cell Conversion                                          ; Off                  ; Off                  ;
; Auto Resource Sharing                                                      ; Off                  ; Off                  ;
; Allow Any RAM Size For Recognition                                         ; Off                  ; Off                  ;
; Allow Any ROM Size For Recognition                                         ; Off                  ; Off                  ;
; Allow Any Shift Register Size For Recognition                              ; Off                  ; Off                  ;
; Use LogicLock Constraints during Resource Balancing                        ; On                   ; On                   ;
; Ignore translate_off and synthesis_off directives                          ; Off                  ; Off                  ;
; Timing-Driven Synthesis                                                    ; On                   ; On                   ;
; Report Parameter Settings                                                  ; On                   ; On                   ;
; Report Source Assignments                                                  ; On                   ; On                   ;
; Report Connectivity Checks                                                 ; On                   ; On                   ;
; Ignore Maximum Fan-Out Assignments                                         ; Off                  ; Off                  ;
; Synchronization Register Chain Length                                      ; 2                    ; 2                    ;
; PowerPlay Power Optimization                                               ; Normal compilation   ; Normal compilation   ;
; HDL message level                                                          ; Level2               ; Level2               ;
; Suppress Register Optimization Related Messages                            ; Off                  ; Off                  ;
; Number of Removed Registers Reported in Synthesis Report                   ; 5000                 ; 5000                 ;
; Number of Swept Nodes Reported in Synthesis Report                         ; 5000                 ; 5000                 ;
; Number of Inverted Registers Reported in Synthesis Report                  ; 100                  ; 100                  ;
; Clock MUX Protection                                                       ; On                   ; On                   ;
; Auto Gated Clock Conversion                                                ; Off                  ; Off                  ;
; Block Design Naming                                                        ; Auto                 ; Auto                 ;
; SDC constraint protection                                                  ; Off                  ; Off                  ;
; Synthesis Effort                                                           ; Auto                 ; Auto                 ;
; Shift Register Replacement - Allow Asynchronous Clear Signal               ; On                   ; On                   ;
; Pre-Mapping Resynthesis Optimization                                       ; Off                  ; Off                  ;
; Analysis & Synthesis Message Level                                         ; Medium               ; Medium               ;
; Disable Register Merging Across Hierarchies                                ; Auto                 ; Auto                 ;
; Resource Aware Inference For Block RAM                                     ; On                   ; On                   ;
; Synthesis Seed                                                             ; 1                    ; 1                    ;
+----------------------------------------------------------------------------+----------------------+----------------------+


+------------------------------------------+
; Parallel Compilation                     ;
+----------------------------+-------------+
; Processors                 ; Number      ;
+----------------------------+-------------+
; Number detected on machine ; 4           ;
; Maximum allowed            ; 4           ;
;                            ;             ;
; Average used               ; 1.00        ;
; Maximum used               ; 1           ;
;                            ;             ;
; Usage by Processor         ; % Time Used ;
;     Processor 1            ; 100.0%      ;
;     Processors 2-4         ;   0.0%      ;
+----------------------------+-------------+


+------------------------------------------------------------------------------------------------------------------------------------------------------------------------------+
; Analysis & Synthesis Source Files Read                                                                                                                                       ;
+----------------------------------+-----------------+----------------------------------------+----------------------------------------------------------------------+---------+
; File Name with User-Entered Path ; Used in Netlist ; File Type                              ; File Name with Absolute Path                                         ; Library ;
+----------------------------------+-----------------+----------------------------------------+----------------------------------------------------------------------+---------+
; mini_project_group09.bdf         ; yes             ; User Block Diagram/Schematic File      ; D:/305-project/mini_project_group09/mini_project_group09.bdf         ;         ;
; screen_text.vhd                  ; yes             ; User VHDL File                         ; D:/305-project/mini_project_group09/screen_text.vhd                  ;         ;
; char_rom.vhd                     ; yes             ; User VHDL File                         ; D:/305-project/mini_project_group09/char_rom.vhd                     ;         ;
; vga_sync.vhd                     ; yes             ; User VHDL File                         ; D:/305-project/mini_project_group09/vga_sync.vhd                     ;         ;
; tank.vhd                         ; yes             ; User VHDL File                         ; D:/305-project/mini_project_group09/tank.vhd                         ;         ;
; mouse.vhd                        ; yes             ; User VHDL File                         ; D:/305-project/mini_project_group09/mouse.vhd                        ;         ;
; lfsr.vhd                         ; yes             ; User VHDL File                         ; D:/305-project/mini_project_group09/lfsr.vhd                         ;         ;
; game_control.vhd                 ; yes             ; User VHDL File                         ; D:/305-project/mini_project_group09/game_control.vhd                 ;         ;
; clk_divider.vhd                  ; yes             ; User VHDL File                         ; D:/305-project/mini_project_group09/clk_divider.vhd                  ;         ;
; altsyncram.tdf                   ; yes             ; Megafunction                           ; c:/altera/13.0/quartus/libraries/megafunctions/altsyncram.tdf        ;         ;
; stratix_ram_block.inc            ; yes             ; Megafunction                           ; c:/altera/13.0/quartus/libraries/megafunctions/stratix_ram_block.inc ;         ;
; lpm_mux.inc                      ; yes             ; Megafunction                           ; c:/altera/13.0/quartus/libraries/megafunctions/lpm_mux.inc           ;         ;
; lpm_decode.inc                   ; yes             ; Megafunction                           ; c:/altera/13.0/quartus/libraries/megafunctions/lpm_decode.inc        ;         ;
; aglobal130.inc                   ; yes             ; Megafunction                           ; c:/altera/13.0/quartus/libraries/megafunctions/aglobal130.inc        ;         ;
; a_rdenreg.inc                    ; yes             ; Megafunction                           ; c:/altera/13.0/quartus/libraries/megafunctions/a_rdenreg.inc         ;         ;
; altrom.inc                       ; yes             ; Megafunction                           ; c:/altera/13.0/quartus/libraries/megafunctions/altrom.inc            ;         ;
; altram.inc                       ; yes             ; Megafunction                           ; c:/altera/13.0/quartus/libraries/megafunctions/altram.inc            ;         ;
; altdpram.inc                     ; yes             ; Megafunction                           ; c:/altera/13.0/quartus/libraries/megafunctions/altdpram.inc          ;         ;
; db/altsyncram_kt91.tdf           ; yes             ; Auto-Generated Megafunction            ; D:/305-project/mini_project_group09/db/altsyncram_kt91.tdf           ;         ;
; tcgrom.mif                       ; yes             ; Auto-Found Memory Initialization File  ; D:/305-project/mini_project_group09/tcgrom.mif                       ;         ;
+----------------------------------+-----------------+----------------------------------------+----------------------------------------------------------------------+---------+


+-----------------------------------------------------------------------------+
; Analysis & Synthesis Resource Usage Summary                                 ;
+---------------------------------------------+-------------------------------+
; Resource                                    ; Usage                         ;
+---------------------------------------------+-------------------------------+
; Estimated Total logic elements              ; 187                           ;
;                                             ;                               ;
; Total combinational functions               ; 155                           ;
; Logic element usage by number of LUT inputs ;                               ;
;     -- 4 input functions                    ; 52                            ;
;     -- 3 input functions                    ; 28                            ;
;     -- <=2 input functions                  ; 75                            ;
;                                             ;                               ;
; Logic elements by mode                      ;                               ;
;     -- normal mode                          ; 95                            ;
;     -- arithmetic mode                      ; 60                            ;
;                                             ;                               ;
; Total registers                             ; 128                           ;
;     -- Dedicated logic registers            ; 128                           ;
;     -- I/O registers                        ; 0                             ;
;                                             ;                               ;
; I/O pins                                    ; 13                            ;
; Embedded Multiplier 9-bit elements          ; 0                             ;
; Maximum fan-out node                        ; clk_divider:inst7|clock_25Mhz ;
; Maximum fan-out                             ; 58                            ;
; Total fan-out                               ; 784                           ;
; Average fan-out                             ; 2.52                          ;
+---------------------------------------------+-------------------------------+


+-------------------------------------------------------------------------------------------------------------------------------------------------------------------------------------------------+
; Analysis & Synthesis Resource Utilization by Entity                                                                                                                                             ;
+----------------------------+-------------------+--------------+-------------+--------------+---------+-----------+------+--------------+-----------------------------------------+--------------+
; Compilation Hierarchy Node ; LC Combinationals ; LC Registers ; Memory Bits ; DSP Elements ; DSP 9x9 ; DSP 18x18 ; Pins ; Virtual Pins ; Full Hierarchy Name                     ; Library Name ;
+----------------------------+-------------------+--------------+-------------+--------------+---------+-----------+------+--------------+-----------------------------------------+--------------+
; |mini_project_group09      ; 155 (0)           ; 128 (0)      ; 0           ; 0            ; 0       ; 0         ; 13   ; 0            ; |mini_project_group09                   ;              ;
;    |MOUSE:inst1|           ; 50 (50)           ; 64 (64)      ; 0           ; 0            ; 0       ; 0         ; 0    ; 0            ; |mini_project_group09|MOUSE:inst1       ;              ;
;    |VGA_SYNC:inst|         ; 61 (61)           ; 31 (31)      ; 0           ; 0            ; 0       ; 0         ; 0    ; 0            ; |mini_project_group09|VGA_SYNC:inst     ;              ;
;    |clk_divider:inst7|     ; 44 (44)           ; 33 (33)      ; 0           ; 0            ; 0       ; 0         ; 0    ; 0            ; |mini_project_group09|clk_divider:inst7 ;              ;
+----------------------------+-------------------+--------------+-------------+--------------+---------+-----------+------+--------------+-----------------------------------------+--------------+
Note: For table entries with two numbers listed, the numbers in parentheses indicate the number of resources of the given type used by the specific entity alone. The numbers listed outside of parentheses indicate the total resources of the given type used by the specific entity and all of its sub-entities in the hierarchy.


Encoding Type:  One-Hot
+---------------------------------------------------------------------------------------------------------------------------------------------------------------------------------------------------------+
; State Machine - |mini_project_group09|MOUSE:inst1|mouse_state                                                                                                                                           ;
+-------------------------------+---------------------------+--------------------------+-------------------------------+---------------------------+--------------------------+---------------------------+
; Name                          ; mouse_state.INPUT_PACKETS ; mouse_state.WAIT_CMD_ACK ; mouse_state.WAIT_OUTPUT_READY ; mouse_state.LOAD_COMMAND2 ; mouse_state.LOAD_COMMAND ; mouse_state.INHIBIT_TRANS ;
+-------------------------------+---------------------------+--------------------------+-------------------------------+---------------------------+--------------------------+---------------------------+
; mouse_state.INHIBIT_TRANS     ; 0                         ; 0                        ; 0                             ; 0                         ; 0                        ; 0                         ;
; mouse_state.LOAD_COMMAND      ; 0                         ; 0                        ; 0                             ; 0                         ; 1                        ; 1                         ;
; mouse_state.LOAD_COMMAND2     ; 0                         ; 0                        ; 0                             ; 1                         ; 0                        ; 1                         ;
; mouse_state.WAIT_OUTPUT_READY ; 0                         ; 0                        ; 1                             ; 0                         ; 0                        ; 1                         ;
; mouse_state.WAIT_CMD_ACK      ; 0                         ; 1                        ; 0                             ; 0                         ; 0                        ; 1                         ;
; mouse_state.INPUT_PACKETS     ; 1                         ; 0                        ; 0                             ; 0                         ; 0                        ; 1                         ;
+-------------------------------+---------------------------+--------------------------+-------------------------------+---------------------------+--------------------------+---------------------------+


+---------------------------------------------------------------------------------+
; Registers Removed During Synthesis                                              ;
+----------------------------------------+----------------------------------------+
; Register name                          ; Reason for Removal                     ;
+----------------------------------------+----------------------------------------+
; VGA_SYNC:inst|pixel_row[0..10]         ; Lost fanout                            ;
; VGA_SYNC:inst|pixel_column[0..10]      ; Lost fanout                            ;
; game_control:inst13|s_game_mode[0..2]  ; Lost fanout                            ;
; MOUSE:inst1|CHAROUT[4..7]              ; Stuck at VCC due to stuck port data_in ;
; MOUSE:inst1|CHAROUT[3]                 ; Stuck at GND due to stuck port data_in ;
; MOUSE:inst1|CHAROUT[2]                 ; Stuck at VCC due to stuck port data_in ;
; MOUSE:inst1|CHAROUT[0,1]               ; Stuck at GND due to stuck port data_in ;
; MOUSE:inst1|SHIFTOUT[10]               ; Stuck at VCC due to stuck port data_in ;
; Total Number of Removed Registers = 34 ;                                        ;
+----------------------------------------+----------------------------------------+


+------------------------------------------------------+
; General Register Statistics                          ;
+----------------------------------------------+-------+
; Statistic                                    ; Value ;
+----------------------------------------------+-------+
; Total registers                              ; 128   ;
; Number of registers using Synchronous Clear  ; 0     ;
; Number of registers using Synchronous Load   ; 0     ;
; Number of registers using Asynchronous Clear ; 16    ;
; Number of registers using Asynchronous Load  ; 0     ;
; Number of registers using Clock Enable       ; 53    ;
; Number of registers using Preset             ; 0     ;
+----------------------------------------------+-------+


+--------------------------------------------------+
; Inverted Register Statistics                     ;
+----------------------------------------+---------+
; Inverted Register                      ; Fan out ;
+----------------------------------------+---------+
; MOUSE:inst1|send_char                  ; 3       ;
; MOUSE:inst1|SHIFTOUT[3]                ; 1       ;
; MOUSE:inst1|SHIFTOUT[5]                ; 1       ;
; MOUSE:inst1|SHIFTOUT[6]                ; 1       ;
; MOUSE:inst1|SHIFTOUT[7]                ; 1       ;
; MOUSE:inst1|SHIFTOUT[8]                ; 1       ;
; Total number of inverted registers = 6 ;         ;
+----------------------------------------+---------+


+---------------------------------------------------------------------------------------------------------------------------------------------------------------+
; Multiplexer Restructuring Statistics (Restructuring Performed)                                                                                                ;
+--------------------+-----------+---------------+----------------------+------------------------+------------+-------------------------------------------------+
; Multiplexer Inputs ; Bus Width ; Baseline Area ; Area if Restructured ; Saving if Restructured ; Registered ; Example Multiplexer Output                      ;
+--------------------+-----------+---------------+----------------------+------------------------+------------+-------------------------------------------------+
; 3:1                ; 11 bits   ; 22 LEs        ; 11 LEs               ; 11 LEs                 ; Yes        ; |mini_project_group09|VGA_SYNC:inst|v_count[10] ;
+--------------------+-----------+---------------+----------------------+------------------------+------------+-------------------------------------------------+


+------------------------------------------------------------------------------------------------------+
; Source assignments for char_rom:inst5|altsyncram:altsyncram_component|altsyncram_kt91:auto_generated ;
+---------------------------------+--------------------+------+----------------------------------------+
; Assignment                      ; Value              ; From ; To                                     ;
+---------------------------------+--------------------+------+----------------------------------------+
; OPTIMIZE_POWER_DURING_SYNTHESIS ; NORMAL_COMPILATION ; -    ; -                                      ;
+---------------------------------+--------------------+------+----------------------------------------+


+---------------------------------------------------------------------------------------------+
; Parameter Settings for User Entity Instance: char_rom:inst5|altsyncram:altsyncram_component ;
+------------------------------------+----------------------+---------------------------------+
; Parameter Name                     ; Value                ; Type                            ;
+------------------------------------+----------------------+---------------------------------+
; BYTE_SIZE_BLOCK                    ; 8                    ; Untyped                         ;
; AUTO_CARRY_CHAINS                  ; ON                   ; AUTO_CARRY                      ;
; IGNORE_CARRY_BUFFERS               ; OFF                  ; IGNORE_CARRY                    ;
; AUTO_CASCADE_CHAINS                ; ON                   ; AUTO_CASCADE                    ;
; IGNORE_CASCADE_BUFFERS             ; OFF                  ; IGNORE_CASCADE                  ;
; WIDTH_BYTEENA                      ; 1                    ; Untyped                         ;
; OPERATION_MODE                     ; ROM                  ; Untyped                         ;
; WIDTH_A                            ; 8                    ; Signed Integer                  ;
; WIDTHAD_A                          ; 9                    ; Signed Integer                  ;
; NUMWORDS_A                         ; 512                  ; Signed Integer                  ;
; OUTDATA_REG_A                      ; UNREGISTERED         ; Untyped                         ;
; ADDRESS_ACLR_A                     ; NONE                 ; Untyped                         ;
; OUTDATA_ACLR_A                     ; NONE                 ; Untyped                         ;
; WRCONTROL_ACLR_A                   ; NONE                 ; Untyped                         ;
; INDATA_ACLR_A                      ; NONE                 ; Untyped                         ;
; BYTEENA_ACLR_A                     ; NONE                 ; Untyped                         ;
; WIDTH_B                            ; 1                    ; Untyped                         ;
; WIDTHAD_B                          ; 1                    ; Untyped                         ;
; NUMWORDS_B                         ; 1                    ; Untyped                         ;
; INDATA_REG_B                       ; CLOCK1               ; Untyped                         ;
; WRCONTROL_WRADDRESS_REG_B          ; CLOCK1               ; Untyped                         ;
; RDCONTROL_REG_B                    ; CLOCK1               ; Untyped                         ;
; ADDRESS_REG_B                      ; CLOCK1               ; Untyped                         ;
; OUTDATA_REG_B                      ; UNREGISTERED         ; Untyped                         ;
; BYTEENA_REG_B                      ; CLOCK1               ; Untyped                         ;
; INDATA_ACLR_B                      ; NONE                 ; Untyped                         ;
; WRCONTROL_ACLR_B                   ; NONE                 ; Untyped                         ;
; ADDRESS_ACLR_B                     ; NONE                 ; Untyped                         ;
; OUTDATA_ACLR_B                     ; NONE                 ; Untyped                         ;
; RDCONTROL_ACLR_B                   ; NONE                 ; Untyped                         ;
; BYTEENA_ACLR_B                     ; NONE                 ; Untyped                         ;
; WIDTH_BYTEENA_A                    ; 1                    ; Signed Integer                  ;
; WIDTH_BYTEENA_B                    ; 1                    ; Untyped                         ;
; RAM_BLOCK_TYPE                     ; AUTO                 ; Untyped                         ;
; BYTE_SIZE                          ; 8                    ; Untyped                         ;
; READ_DURING_WRITE_MODE_MIXED_PORTS ; DONT_CARE            ; Untyped                         ;
; READ_DURING_WRITE_MODE_PORT_A      ; NEW_DATA_NO_NBE_READ ; Untyped                         ;
; READ_DURING_WRITE_MODE_PORT_B      ; NEW_DATA_NO_NBE_READ ; Untyped                         ;
; INIT_FILE                          ; tcgrom.mif           ; Untyped                         ;
; INIT_FILE_LAYOUT                   ; PORT_A               ; Untyped                         ;
; MAXIMUM_DEPTH                      ; 0                    ; Untyped                         ;
; CLOCK_ENABLE_INPUT_A               ; BYPASS               ; Untyped                         ;
; CLOCK_ENABLE_INPUT_B               ; NORMAL               ; Untyped                         ;
; CLOCK_ENABLE_OUTPUT_A              ; BYPASS               ; Untyped                         ;
; CLOCK_ENABLE_OUTPUT_B              ; NORMAL               ; Untyped                         ;
; CLOCK_ENABLE_CORE_A                ; USE_INPUT_CLKEN      ; Untyped                         ;
; CLOCK_ENABLE_CORE_B                ; USE_INPUT_CLKEN      ; Untyped                         ;
; ENABLE_ECC                         ; FALSE                ; Untyped                         ;
; ECC_PIPELINE_STAGE_ENABLED         ; FALSE                ; Untyped                         ;
; WIDTH_ECCSTATUS                    ; 3                    ; Untyped                         ;
; DEVICE_FAMILY                      ; Cyclone III          ; Untyped                         ;
; CBXI_PARAMETER                     ; altsyncram_kt91      ; Untyped                         ;
+------------------------------------+----------------------+---------------------------------+
Note: In order to hide this table in the UI and the text report file, please set the "Show Parameter Settings in Synthesis Report" option in "Analysis and Synthesis Settings -> More Settings" to "Off".


+--------------------------------------------------------------------------------------------+
; altsyncram Parameter Settings by Entity Instance                                           ;
+-------------------------------------------+------------------------------------------------+
; Name                                      ; Value                                          ;
+-------------------------------------------+------------------------------------------------+
; Number of entity instances                ; 1                                              ;
; Entity Instance                           ; char_rom:inst5|altsyncram:altsyncram_component ;
;     -- OPERATION_MODE                     ; ROM                                            ;
;     -- WIDTH_A                            ; 8                                              ;
;     -- NUMWORDS_A                         ; 512                                            ;
;     -- OUTDATA_REG_A                      ; UNREGISTERED                                   ;
;     -- WIDTH_B                            ; 1                                              ;
;     -- NUMWORDS_B                         ; 1                                              ;
;     -- ADDRESS_REG_B                      ; CLOCK1                                         ;
;     -- OUTDATA_REG_B                      ; UNREGISTERED                                   ;
;     -- RAM_BLOCK_TYPE                     ; AUTO                                           ;
;     -- READ_DURING_WRITE_MODE_MIXED_PORTS ; DONT_CARE                                      ;
+-------------------------------------------+------------------------------------------------+


+-------------------------------+
; Elapsed Time Per Partition    ;
+----------------+--------------+
; Partition Name ; Elapsed Time ;
+----------------+--------------+
; Top            ; 00:00:00     ;
+----------------+--------------+


+-------------------------------+
; Analysis & Synthesis Messages ;
+-------------------------------+
Info: *******************************************************************
Info: Running Quartus II 64-Bit Analysis & Synthesis
    Info: Version 13.0.0 Build 156 04/24/2013 SJ Full Version
    Info: Processing started: Sat May 13 16:13:47 2017
Info: Command: quartus_map --read_settings_files=on --write_settings_files=off mini_project_group09 -c mini_project_group09
Info (20030): Parallel compilation is enabled and will use 4 of the 4 processors detected
Info (12021): Found 1 design units, including 1 entities, in source file mini_project_group09.bdf
    Info (12023): Found entity 1: mini_project_group09
Info (12021): Found 2 design units, including 1 entities, in source file screen_text.vhd
    Info (12022): Found design unit 1: screen_text-behaviour
    Info (12023): Found entity 1: screen_text
Info (12021): Found 2 design units, including 1 entities, in source file char_rom.vhd
    Info (12022): Found design unit 1: char_rom-SYN
    Info (12023): Found entity 1: char_rom
Info (12021): Found 2 design units, including 1 entities, in source file vga_sync.vhd
    Info (12022): Found design unit 1: VGA_SYNC-a
    Info (12023): Found entity 1: VGA_SYNC
Info (12021): Found 2 design units, including 1 entities, in source file tank.vhd
    Info (12022): Found design unit 1: tank-behavior
    Info (12023): Found entity 1: tank
Info (12021): Found 2 design units, including 1 entities, in source file seven_seg.vhd
    Info (12022): Found design unit 1: seven_seg-bhv
    Info (12023): Found entity 1: seven_seg
Info (12021): Found 2 design units, including 1 entities, in source file mouse.vhd
    Info (12022): Found design unit 1: MOUSE-behavior
    Info (12023): Found entity 1: MOUSE
Info (12021): Found 2 design units, including 1 entities, in source file lfsr.vhd
    Info (12022): Found design unit 1: lfsr-behaviour
    Info (12023): Found entity 1: lfsr
Info (12021): Found 2 design units, including 1 entities, in source file game_control.vhd
    Info (12022): Found design unit 1: game_control-bhv
    Info (12023): Found entity 1: game_control
Info (12021): Found 2 design units, including 1 entities, in source file clk_divider.vhd
    Info (12022): Found design unit 1: clk_divider-bhv
    Info (12023): Found entity 1: clk_divider
Info (12021): Found 2 design units, including 1 entities, in source file display_contrast.vhd
    Info (12022): Found design unit 1: display_contrast-BHV
    Info (12023): Found entity 1: display_contrast
Info (12127): Elaborating entity "mini_project_group09" for the top level hierarchy
Info (12128): Elaborating entity "MOUSE" for hierarchy "MOUSE:inst1"
Warning (10036): Verilog HDL or VHDL warning at mouse.vhd(22): object "CHARIN" assigned a value but never read
Warning (10492): VHDL Process Statement warning at mouse.vhd(148): signal "CHAROUT" is read inside the Process Statement but isn't in the Process Statement's sensitivity list
Warning (10492): VHDL Process Statement warning at mouse.vhd(152): signal "CHAROUT" is read inside the Process Statement but isn't in the Process Statement's sensitivity list
Warning (10492): VHDL Process Statement warning at mouse.vhd(153): signal "CHAROUT" is read inside the Process Statement but isn't in the Process Statement's sensitivity list
Warning (10492): VHDL Process Statement warning at mouse.vhd(154): signal "CHAROUT" is read inside the Process Statement but isn't in the Process Statement's sensitivity list
Info (12128): Elaborating entity "clk_divider" for hierarchy "clk_divider:inst7"
Info (12128): Elaborating entity "VGA_SYNC" for hierarchy "VGA_SYNC:inst"
Info (12128): Elaborating entity "game_control" for hierarchy "game_control:inst13"
Warning (10492): VHDL Process Statement warning at game_control.vhd(47): signal "s_game_mode" is read inside the Process Statement but isn't in the Process Statement's sensitivity list
Warning (10492): VHDL Process Statement warning at game_control.vhd(48): signal "r" is read inside the Process Statement but isn't in the Process Statement's sensitivity list
Warning (10492): VHDL Process Statement warning at game_control.vhd(51): signal "g" is read inside the Process Statement but isn't in the Process Statement's sensitivity list
Warning (10492): VHDL Process Statement warning at game_control.vhd(54): signal "b" is read inside the Process Statement but isn't in the Process Statement's sensitivity list
Info (12128): Elaborating entity "char_rom" for hierarchy "char_rom:inst5"
Info (12128): Elaborating entity "altsyncram" for hierarchy "char_rom:inst5|altsyncram:altsyncram_component"
Info (12130): Elaborated megafunction instantiation "char_rom:inst5|altsyncram:altsyncram_component"
Info (12133): Instantiated megafunction "char_rom:inst5|altsyncram:altsyncram_component" with the following parameter:
    Info (12134): Parameter "address_aclr_a" = "NONE"
    Info (12134): Parameter "clock_enable_input_a" = "BYPASS"
    Info (12134): Parameter "clock_enable_output_a" = "BYPASS"
    Info (12134): Parameter "init_file" = "tcgrom.mif"
    Info (12134): Parameter "intended_device_family" = "Cyclone III"
    Info (12134): Parameter "lpm_hint" = "ENABLE_RUNTIME_MOD=NO"
    Info (12134): Parameter "lpm_type" = "altsyncram"
    Info (12134): Parameter "numwords_a" = "512"
    Info (12134): Parameter "operation_mode" = "ROM"
    Info (12134): Parameter "outdata_aclr_a" = "NONE"
    Info (12134): Parameter "outdata_reg_a" = "UNREGISTERED"
    Info (12134): Parameter "widthad_a" = "9"
    Info (12134): Parameter "width_a" = "8"
    Info (12134): Parameter "width_byteena_a" = "1"
Info (12021): Found 1 design units, including 1 entities, in source file db/altsyncram_kt91.tdf
    Info (12023): Found entity 1: altsyncram_kt91
Info (12128): Elaborating entity "altsyncram_kt91" for hierarchy "char_rom:inst5|altsyncram:altsyncram_component|altsyncram_kt91:auto_generated"
Info (12128): Elaborating entity "screen_text" for hierarchy "screen_text:inst8"
Warning (10631): VHDL Process Statement warning at screen_text.vhd(18): inferring latch(es) for signal or variable "font_row", which holds its previous value in one or more paths through the process
Warning (10631): VHDL Process Statement warning at screen_text.vhd(18): inferring latch(es) for signal or variable "font_col", which holds its previous value in one or more paths through the process
Warning (10631): VHDL Process Statement warning at screen_text.vhd(18): inferring latch(es) for signal or variable "character_address", which holds its previous value in one or more paths through the process
Info (10041): Inferred latch for "character_address[0]" at screen_text.vhd(18)
Info (10041): Inferred latch for "character_address[1]" at screen_text.vhd(18)
Info (10041): Inferred latch for "character_address[2]" at screen_text.vhd(18)
Info (10041): Inferred latch for "character_address[3]" at screen_text.vhd(18)
Info (10041): Inferred latch for "character_address[4]" at screen_text.vhd(18)
Info (10041): Inferred latch for "character_address[5]" at screen_text.vhd(18)
Info (10041): Inferred latch for "font_col[0]" at screen_text.vhd(18)
Info (10041): Inferred latch for "font_col[1]" at screen_text.vhd(18)
Info (10041): Inferred latch for "font_col[2]" at screen_text.vhd(18)
Info (10041): Inferred latch for "font_row[0]" at screen_text.vhd(18)
Info (10041): Inferred latch for "font_row[1]" at screen_text.vhd(18)
Info (10041): Inferred latch for "font_row[2]" at screen_text.vhd(18)
Info (12128): Elaborating entity "tank" for hierarchy "tank:inst11"
Info (12128): Elaborating entity "lfsr" for hierarchy "lfsr:inst3"
Warning (14284): Synthesized away the following node(s):
    Warning (14285): Synthesized away the following RAM node(s):
        Warning (14320): Synthesized away node "char_rom:inst5|altsyncram:altsyncram_component|altsyncram_kt91:auto_generated|q_a[0]"
        Warning (14320): Synthesized away node "char_rom:inst5|altsyncram:altsyncram_component|altsyncram_kt91:auto_generated|q_a[1]"
        Warning (14320): Synthesized away node "char_rom:inst5|altsyncram:altsyncram_component|altsyncram_kt91:auto_generated|q_a[2]"
        Warning (14320): Synthesized away node "char_rom:inst5|altsyncram:altsyncram_component|altsyncram_kt91:auto_generated|q_a[3]"
        Warning (14320): Synthesized away node "char_rom:inst5|altsyncram:altsyncram_component|altsyncram_kt91:auto_generated|q_a[4]"
        Warning (14320): Synthesized away node "char_rom:inst5|altsyncram:altsyncram_component|altsyncram_kt91:auto_generated|q_a[5]"
        Warning (14320): Synthesized away node "char_rom:inst5|altsyncram:altsyncram_component|altsyncram_kt91:auto_generated|q_a[6]"
        Warning (14320): Synthesized away node "char_rom:inst5|altsyncram:altsyncram_component|altsyncram_kt91:auto_generated|q_a[7]"
Warning (12069): Ignored assignment(s) for "blue_out[0]" because "blue_out" is not a bus or array
Warning (12069): Ignored assignment(s) for "blue_out[2]" because "blue_out" is not a bus or array
Warning (12069): Ignored assignment(s) for "blue_out[3]" because "blue_out" is not a bus or array
Warning (12069): Ignored assignment(s) for "green_out[0]" because "green_out" is not a bus or array
Warning (12069): Ignored assignment(s) for "green_out[2]" because "green_out" is not a bus or array
Warning (12069): Ignored assignment(s) for "green_out[3]" because "green_out" is not a bus or array
Warning (12069): Ignored assignment(s) for "red_out[0]" because "red_out" is not a bus or array
Warning (12069): Ignored assignment(s) for "red_out[1]" because "red_out" is not a bus or array
Warning (12069): Ignored assignment(s) for "red_out[2]" because "red_out" is not a bus or array
Warning (12069): Ignored assignment(s) for "red_out[3]" because "red_out" is not a bus or array
Info (13000): Registers with preset signals will power-up high
Info (13003): DEV_CLRn pin will set, and not reset, register with preset signal due to NOT Gate Push-Back
Info (286030): Timing-Driven Synthesis is running
Info (17049): 25 registers lost all their fanouts during netlist optimizations.
Info (16010): Generating hard_block partition "hard_block:auto_generated_inst"
    Info (16011): Adding 0 node(s), including 0 DDIO, 0 PLL, 0 transceiver and 0 LCELL
Warning (21074): Design contains 3 input pin(s) that do not drive logic
    Warning (15610): No output dependent on input pin "sw0"
    Warning (15610): No output dependent on input pin "bt0"
    Warning (15610): No output dependent on input pin "bt1"
Info (21057): Implemented 203 device resources after synthesis - the final resource count might be different
    Info (21058): Implemented 4 input pins
    Info (21059): Implemented 7 output pins
    Info (21060): Implemented 2 bidirectional pins
    Info (21061): Implemented 190 logic cells
Info: Quartus II 64-Bit Analysis & Synthesis was successful. 0 errors, 36 warnings
    Info: Peak virtual memory: 504 megabytes
    Info: Processing ended: Sat May 13 16:13:49 2017
    Info: Elapsed time: 00:00:02
    Info: Total CPU time (on all processors): 00:00:02


